<?xml version="1.0" encoding="UTF-8"?>
<testng-results skipped="0" failed="0" total="33" passed="33">
  <reporter-output>
    <line>
      <![CDATA[<table width= 100% ; border = 1.5; rules =rows ><tbody><tr><td> <font style=\width:130px;text-align:left;color:black;font-size:12px;font-family:verdana;\><strong>Info</strong></td><td> <font style=\width:130px;text-align:left;color:black;font-size:12px;font-family:verdana;\>Successfully launched the Google Chrome browser</td></tr></tbody></table>]]>
    </line>
    <line>
      <![CDATA[<table width= 100% ; border = 1.5; rules =rows ><tbody><tr><td> <font style=\width:130px;text-align:left;color:green;font-size:12px;font-family:verdana;\><strong>Pass</strong></td><td> <font style=\width:130px;text-align:left;color:black;font-size:12px;font-family:verdana;\>Successfully navigated to ServiceNow Home page</td></tr><tr><td colspan=2><table width= 100% ;rules =rows ><tbody><tr><td> <font style=\width:130px;text-align:left;color:black;font-size:12px;font-family:verdana;\><strong>Screenshot</strong></td><td> <font style=\width:130px;text-align:left;color:black;font-size:12px;font-family:verdana;\><strong><a href="C:\Users\somnath.bhunia\work1\SN_GCC/\Screenshot\08-23-2017_12-57.png"><img src="file:///C:\Users\somnath.bhunia\work1\SN_GCC/\Screenshot\08-23-2017_12-57.png" alt=""height='300' width='300' border =1/> <br /></strong></td></tr></tbody></table></td></tr></tbody></table>]]>
    </line>
    <line>
      <![CDATA[<table width= 100% ; border = 1.5; rules =rows ><tbody><tr><td> <font style=\width:130px;text-align:left;color:black;font-size:12px;font-family:verdana;\><strong>Info</strong></td><td> <font style=\width:130px;text-align:left;color:black;font-size:12px;font-family:verdana;\>The INCIDENT number is = INC0001674</td></tr></tbody></table>]]>
    </line>
    <line>
      <![CDATA[<table width= 100% ; border = 1.5; rules =rows ><tbody><tr><td> <font style=\width:130px;text-align:left;color:Green;font-size:12px;font-family:verdana;\><strong>Pass</strong></td><td> <font style=\width:130px;text-align:left;color:black;font-size:12px;font-family:verdana;\>Incident INC0001674 has been created for client - BEST BUY, INC.</td></tr></tbody></table>]]>
    </line>
    <line>
      <![CDATA[<table width= 100% ; border = 1.5; rules =rows ><tbody><tr><td> <font style=\width:130px;text-align:left;color:black;font-size:12px;font-family:verdana;\><strong>Info</strong></td><td> <font style=\width:130px;text-align:left;color:black;font-size:12px;font-family:verdana;\>The INCIDENT number is = INC0001676</td></tr></tbody></table>]]>
    </line>
    <line>
      <![CDATA[<table width= 100% ; border = 1.5; rules =rows ><tbody><tr><td> <font style=\width:130px;text-align:left;color:Green;font-size:12px;font-family:verdana;\><strong>Pass</strong></td><td> <font style=\width:130px;text-align:left;color:black;font-size:12px;font-family:verdana;\>Incident INC0001676 has been created for client - LIBERTY GLOBAL</td></tr></tbody></table>]]>
    </line>
  </reporter-output>
  <suite name="Default suite" duration-ms="237671" started-at="2017-08-23T07:01:05Z" finished-at="2017-08-23T07:05:02Z">
    <groups>
    </groups>
    <test name="Default test" duration-ms="237671" started-at="2017-08-23T07:01:05Z" finished-at="2017-08-23T07:05:02Z">
      <class name="scripts.GCC_mainScript">
        <test-method status="PASS" signature="mainScript(java.lang.String, java.lang.String, java.lang.String, java.lang.String, java.lang.String, java.lang.String, java.lang.String, java.lang.String, java.lang.String, java.lang.String, java.lang.String, java.lang.String, java.lang.String, java.lang.String, java.lang.String, java.lang.String, java.lang.String, java.lang.String, java.lang.String, java.lang.String, java.lang.String, java.lang.String, java.lang.String, java.lang.String, java.lang.String, java.lang.String, java.lang.String, java.lang.String, java.lang.String)[pri:0, instance:scripts.GCC_mainScript@1e88b3c]" name="mainScript" duration-ms="61656" started-at="2017-08-23T12:31:05Z" description="Main script" data-provider="WQM_config" finished-at="2017-08-23T12:32:07Z">
          <params>
            <param index="0">
              <value>
                <![CDATA[y]]>
              </value>
            </param>
            <param index="1">
              <value>
                <![CDATA[Chrome]]>
              </value>
            </param>
            <param index="2">
              <value>
                <![CDATA[https://accentureplcuksubdev4.service-now.com]]>
              </value>
            </param>
            <param index="3">
              <value>
                <![CDATA[a.f.srivastava1]]>
              </value>
            </param>
            <param index="4">
              <value>
                <![CDATA[Welcome1]]>
              </value>
            </param>
            <param index="5">
              <value>
                <![CDATA[]]>
              </value>
            </param>
            <param index="6">
              <value>
                <![CDATA[Deepak Nagpal]]>
              </value>
            </param>
            <param index="7">
              <value>
                <![CDATA[India]]>
              </value>
            </param>
            <param index="8">
              <value>
                <![CDATA[test description mar 29 -3]]>
              </value>
            </param>
            <param index="9">
              <value>
                <![CDATA[TOP/Standard/BPO/Marriott]]>
              </value>
            </param>
            <param index="10">
              <value>
                <![CDATA[BEST BUY, INC.]]>
              </value>
            </param>
            <param index="11">
              <value>
                <![CDATA[Chadwick, Sondra L.]]>
              </value>
            </param>
            <param index="12">
              <value>
                <![CDATA[Demo Test]]>
              </value>
            </param>
            <param index="13">
              <value>
                <![CDATA[Chicago]]>
              </value>
            </param>
            <param index="14">
              <value>
                <![CDATA[Test]]>
              </value>
            </param>
            <param index="15">
              <value>
                <![CDATA[Test CI]]>
              </value>
            </param>
            <param index="16">
              <value>
                <![CDATA[Email]]>
              </value>
            </param>
            <param index="17">
              <value>
                <![CDATA[Demo]]>
              </value>
            </param>
            <param index="18">
              <value>
                <![CDATA[]]>
              </value>
            </param>
            <param index="19">
              <value>
                <![CDATA[01-May-2025]]>
              </value>
            </param>
            <param index="20">
              <value>
                <![CDATA[test_may-25]]>
              </value>
            </param>
            <param index="21">
              <value>
                <![CDATA[Active]]>
              </value>
            </param>
            <param index="22">
              <value>
                <![CDATA[Demo ITIL]]>
              </value>
            </param>
            <param index="23">
              <value>
                <![CDATA[Solved (Work Around)]]>
              </value>
            </param>
            <param index="24">
              <value>
                <![CDATA[incidentReport_may25]]>
              </value>
            </param>
            <param index="25">
              <value>
                <![CDATA[Report source]]>
              </value>
            </param>
            <param index="26">
              <value>
                <![CDATA[Column]]>
              </value>
            </param>
            <param index="27">
              <value>
                <![CDATA[Approval group]]>
              </value>
            </param>
            <param index="28">
              <value>
                <![CDATA[Demo Res Cat]]>
              </value>
            </param>
          </params>
          <reporter-output>
            <line>
              <![CDATA[<table width= 100% ; border = 1.5; rules =rows ><tbody><tr><td> <font style=\width:130px;text-align:left;color:black;font-size:12px;font-family:verdana;\><strong>Info</strong></td><td> <font style=\width:130px;text-align:left;color:black;font-size:12px;font-family:verdana;\>Successfully launched the Google Chrome browser</td></tr></tbody></table>]]>
            </line>
            <line>
              <![CDATA[<table width= 100% ; border = 1.5; rules =rows ><tbody><tr><td> <font style=\width:130px;text-align:left;color:green;font-size:12px;font-family:verdana;\><strong>Pass</strong></td><td> <font style=\width:130px;text-align:left;color:black;font-size:12px;font-family:verdana;\>Successfully navigated to ServiceNow Home page</td></tr><tr><td colspan=2><table width= 100% ;rules =rows ><tbody><tr><td> <font style=\width:130px;text-align:left;color:black;font-size:12px;font-family:verdana;\><strong>Screenshot</strong></td><td> <font style=\width:130px;text-align:left;color:black;font-size:12px;font-family:verdana;\><strong><a href="C:\Users\somnath.bhunia\work1\SN_GCC/\Screenshot\08-23-2017_12-57.png"><img src="file:///C:\Users\somnath.bhunia\work1\SN_GCC/\Screenshot\08-23-2017_12-57.png" alt=""height='300' width='300' border =1/> <br /></strong></td></tr></tbody></table></td></tr></tbody></table>]]>
            </line>
          </reporter-output>
        </test-method> <!-- mainScript -->
        <test-method status="PASS" signature="mainScript(java.lang.String, java.lang.String, java.lang.String, java.lang.String, java.lang.String, java.lang.String, java.lang.String, java.lang.String, java.lang.String, java.lang.String, java.lang.String, java.lang.String, java.lang.String, java.lang.String, java.lang.String, java.lang.String, java.lang.String, java.lang.String, java.lang.String, java.lang.String, java.lang.String, java.lang.String, java.lang.String, java.lang.String, java.lang.String, java.lang.String, java.lang.String, java.lang.String, java.lang.String)[pri:0, instance:scripts.GCC_mainScript@1e88b3c]" name="mainScript" duration-ms="15" started-at="2017-08-23T12:32:07Z" description="Main script" data-provider="WQM_config" finished-at="2017-08-23T12:32:07Z">
          <params>
            <param index="0">
              <value>
                <![CDATA[]]>
              </value>
            </param>
            <param index="1">
              <value>
                <![CDATA[]]>
              </value>
            </param>
            <param index="2">
              <value>
                <![CDATA[]]>
              </value>
            </param>
            <param index="3">
              <value>
                <![CDATA[]]>
              </value>
            </param>
            <param index="4">
              <value>
                <![CDATA[]]>
              </value>
            </param>
            <param index="5">
              <value>
                <![CDATA[]]>
              </value>
            </param>
            <param index="6">
              <value>
                <![CDATA[]]>
              </value>
            </param>
            <param index="7">
              <value>
                <![CDATA[]]>
              </value>
            </param>
            <param index="8">
              <value>
                <![CDATA[]]>
              </value>
            </param>
            <param index="9">
              <value>
                <![CDATA[]]>
              </value>
            </param>
            <param index="10">
              <value>
                <![CDATA[]]>
              </value>
            </param>
            <param index="11">
              <value>
                <![CDATA[]]>
              </value>
            </param>
            <param index="12">
              <value>
                <![CDATA[]]>
              </value>
            </param>
            <param index="13">
              <value>
                <![CDATA[]]>
              </value>
            </param>
            <param index="14">
              <value>
                <![CDATA[]]>
              </value>
            </param>
            <param index="15">
              <value>
                <![CDATA[]]>
              </value>
            </param>
            <param index="16">
              <value>
                <![CDATA[]]>
              </value>
            </param>
            <param index="17">
              <value>
                <![CDATA[]]>
              </value>
            </param>
            <param index="18">
              <value>
                <![CDATA[]]>
              </value>
            </param>
            <param index="19">
              <value>
                <![CDATA[]]>
              </value>
            </param>
            <param index="20">
              <value>
                <![CDATA[]]>
              </value>
            </param>
            <param index="21">
              <value>
                <![CDATA[]]>
              </value>
            </param>
            <param index="22">
              <value>
                <![CDATA[]]>
              </value>
            </param>
            <param index="23">
              <value>
                <![CDATA[]]>
              </value>
            </param>
            <param index="24">
              <value>
                <![CDATA[]]>
              </value>
            </param>
            <param index="25">
              <value>
                <![CDATA[]]>
              </value>
            </param>
            <param index="26">
              <value>
                <![CDATA[]]>
              </value>
            </param>
            <param index="27">
              <value>
                <![CDATA[]]>
              </value>
            </param>
            <param index="28">
              <value>
                <![CDATA[]]>
              </value>
            </param>
          </params>
          <reporter-output>
          </reporter-output>
        </test-method> <!-- mainScript -->
        <test-method status="PASS" signature="mainScript(java.lang.String, java.lang.String, java.lang.String, java.lang.String, java.lang.String, java.lang.String, java.lang.String, java.lang.String, java.lang.String, java.lang.String, java.lang.String, java.lang.String, java.lang.String, java.lang.String, java.lang.String, java.lang.String, java.lang.String, java.lang.String, java.lang.String, java.lang.String, java.lang.String, java.lang.String, java.lang.String, java.lang.String, java.lang.String, java.lang.String, java.lang.String, java.lang.String, java.lang.String)[pri:0, instance:scripts.GCC_mainScript@1e88b3c]" name="mainScript" duration-ms="0" started-at="2017-08-23T12:32:07Z" description="Main script" data-provider="WQM_config" finished-at="2017-08-23T12:32:07Z">
          <params>
            <param index="0">
              <value>
                <![CDATA[]]>
              </value>
            </param>
            <param index="1">
              <value>
                <![CDATA[]]>
              </value>
            </param>
            <param index="2">
              <value>
                <![CDATA[]]>
              </value>
            </param>
            <param index="3">
              <value>
                <![CDATA[]]>
              </value>
            </param>
            <param index="4">
              <value>
                <![CDATA[]]>
              </value>
            </param>
            <param index="5">
              <value>
                <![CDATA[]]>
              </value>
            </param>
            <param index="6">
              <value>
                <![CDATA[]]>
              </value>
            </param>
            <param index="7">
              <value>
                <![CDATA[]]>
              </value>
            </param>
            <param index="8">
              <value>
                <![CDATA[]]>
              </value>
            </param>
            <param index="9">
              <value>
                <![CDATA[]]>
              </value>
            </param>
            <param index="10">
              <value>
                <![CDATA[]]>
              </value>
            </param>
            <param index="11">
              <value>
                <![CDATA[]]>
              </value>
            </param>
            <param index="12">
              <value>
                <![CDATA[]]>
              </value>
            </param>
            <param index="13">
              <value>
                <![CDATA[]]>
              </value>
            </param>
            <param index="14">
              <value>
                <![CDATA[]]>
              </value>
            </param>
            <param index="15">
              <value>
                <![CDATA[]]>
              </value>
            </param>
            <param index="16">
              <value>
                <![CDATA[]]>
              </value>
            </param>
            <param index="17">
              <value>
                <![CDATA[]]>
              </value>
            </param>
            <param index="18">
              <value>
                <![CDATA[]]>
              </value>
            </param>
            <param index="19">
              <value>
                <![CDATA[]]>
              </value>
            </param>
            <param index="20">
              <value>
                <![CDATA[]]>
              </value>
            </param>
            <param index="21">
              <value>
                <![CDATA[]]>
              </value>
            </param>
            <param index="22">
              <value>
                <![CDATA[]]>
              </value>
            </param>
            <param index="23">
              <value>
                <![CDATA[]]>
              </value>
            </param>
            <param index="24">
              <value>
                <![CDATA[]]>
              </value>
            </param>
            <param index="25">
              <value>
                <![CDATA[]]>
              </value>
            </param>
            <param index="26">
              <value>
                <![CDATA[]]>
              </value>
            </param>
            <param index="27">
              <value>
                <![CDATA[]]>
              </value>
            </param>
            <param index="28">
              <value>
                <![CDATA[]]>
              </value>
            </param>
          </params>
          <reporter-output>
          </reporter-output>
        </test-method> <!-- mainScript -->
        <test-method status="PASS" signature="mainScript(java.lang.String, java.lang.String, java.lang.String, java.lang.String, java.lang.String, java.lang.String, java.lang.String, java.lang.String, java.lang.String, java.lang.String, java.lang.String, java.lang.String, java.lang.String, java.lang.String, java.lang.String, java.lang.String, java.lang.String, java.lang.String, java.lang.String, java.lang.String, java.lang.String, java.lang.String, java.lang.String, java.lang.String, java.lang.String, java.lang.String, java.lang.String, java.lang.String, java.lang.String)[pri:0, instance:scripts.GCC_mainScript@1e88b3c]" name="mainScript" duration-ms="0" started-at="2017-08-23T12:32:07Z" description="Main script" data-provider="WQM_config" finished-at="2017-08-23T12:32:07Z">
          <params>
            <param index="0">
              <value>
                <![CDATA[]]>
              </value>
            </param>
            <param index="1">
              <value>
                <![CDATA[]]>
              </value>
            </param>
            <param index="2">
              <value>
                <![CDATA[]]>
              </value>
            </param>
            <param index="3">
              <value>
                <![CDATA[]]>
              </value>
            </param>
            <param index="4">
              <value>
                <![CDATA[]]>
              </value>
            </param>
            <param index="5">
              <value>
                <![CDATA[]]>
              </value>
            </param>
            <param index="6">
              <value>
                <![CDATA[]]>
              </value>
            </param>
            <param index="7">
              <value>
                <![CDATA[]]>
              </value>
            </param>
            <param index="8">
              <value>
                <![CDATA[]]>
              </value>
            </param>
            <param index="9">
              <value>
                <![CDATA[]]>
              </value>
            </param>
            <param index="10">
              <value>
                <![CDATA[]]>
              </value>
            </param>
            <param index="11">
              <value>
                <![CDATA[]]>
              </value>
            </param>
            <param index="12">
              <value>
                <![CDATA[]]>
              </value>
            </param>
            <param index="13">
              <value>
                <![CDATA[]]>
              </value>
            </param>
            <param index="14">
              <value>
                <![CDATA[]]>
              </value>
            </param>
            <param index="15">
              <value>
                <![CDATA[]]>
              </value>
            </param>
            <param index="16">
              <value>
                <![CDATA[]]>
              </value>
            </param>
            <param index="17">
              <value>
                <![CDATA[]]>
              </value>
            </param>
            <param index="18">
              <value>
                <![CDATA[]]>
              </value>
            </param>
            <param index="19">
              <value>
                <![CDATA[]]>
              </value>
            </param>
            <param index="20">
              <value>
                <![CDATA[]]>
              </value>
            </param>
            <param index="21">
              <value>
                <![CDATA[]]>
              </value>
            </param>
            <param index="22">
              <value>
                <![CDATA[]]>
              </value>
            </param>
            <param index="23">
              <value>
                <![CDATA[]]>
              </value>
            </param>
            <param index="24">
              <value>
                <![CDATA[]]>
              </value>
            </param>
            <param index="25">
              <value>
                <![CDATA[]]>
              </value>
            </param>
            <param index="26">
              <value>
                <![CDATA[]]>
              </value>
            </param>
            <param index="27">
              <value>
                <![CDATA[]]>
              </value>
            </param>
            <param index="28">
              <value>
                <![CDATA[]]>
              </value>
            </param>
          </params>
          <reporter-output>
          </reporter-output>
        </test-method> <!-- mainScript -->
        <test-method status="PASS" signature="mainScript(java.lang.String, java.lang.String, java.lang.String, java.lang.String, java.lang.String, java.lang.String, java.lang.String, java.lang.String, java.lang.String, java.lang.String, java.lang.String, java.lang.String, java.lang.String, java.lang.String, java.lang.String, java.lang.String, java.lang.String, java.lang.String, java.lang.String, java.lang.String, java.lang.String, java.lang.String, java.lang.String, java.lang.String, java.lang.String, java.lang.String, java.lang.String, java.lang.String, java.lang.String)[pri:0, instance:scripts.GCC_mainScript@1e88b3c]" name="mainScript" duration-ms="0" started-at="2017-08-23T12:32:07Z" description="Main script" data-provider="WQM_config" finished-at="2017-08-23T12:32:07Z">
          <params>
            <param index="0">
              <value>
                <![CDATA[]]>
              </value>
            </param>
            <param index="1">
              <value>
                <![CDATA[]]>
              </value>
            </param>
            <param index="2">
              <value>
                <![CDATA[]]>
              </value>
            </param>
            <param index="3">
              <value>
                <![CDATA[]]>
              </value>
            </param>
            <param index="4">
              <value>
                <![CDATA[]]>
              </value>
            </param>
            <param index="5">
              <value>
                <![CDATA[]]>
              </value>
            </param>
            <param index="6">
              <value>
                <![CDATA[]]>
              </value>
            </param>
            <param index="7">
              <value>
                <![CDATA[]]>
              </value>
            </param>
            <param index="8">
              <value>
                <![CDATA[]]>
              </value>
            </param>
            <param index="9">
              <value>
                <![CDATA[]]>
              </value>
            </param>
            <param index="10">
              <value>
                <![CDATA[]]>
              </value>
            </param>
            <param index="11">
              <value>
                <![CDATA[]]>
              </value>
            </param>
            <param index="12">
              <value>
                <![CDATA[]]>
              </value>
            </param>
            <param index="13">
              <value>
                <![CDATA[]]>
              </value>
            </param>
            <param index="14">
              <value>
                <![CDATA[]]>
              </value>
            </param>
            <param index="15">
              <value>
                <![CDATA[]]>
              </value>
            </param>
            <param index="16">
              <value>
                <![CDATA[]]>
              </value>
            </param>
            <param index="17">
              <value>
                <![CDATA[]]>
              </value>
            </param>
            <param index="18">
              <value>
                <![CDATA[]]>
              </value>
            </param>
            <param index="19">
              <value>
                <![CDATA[]]>
              </value>
            </param>
            <param index="20">
              <value>
                <![CDATA[]]>
              </value>
            </param>
            <param index="21">
              <value>
                <![CDATA[]]>
              </value>
            </param>
            <param index="22">
              <value>
                <![CDATA[]]>
              </value>
            </param>
            <param index="23">
              <value>
                <![CDATA[]]>
              </value>
            </param>
            <param index="24">
              <value>
                <![CDATA[]]>
              </value>
            </param>
            <param index="25">
              <value>
                <![CDATA[]]>
              </value>
            </param>
            <param index="26">
              <value>
                <![CDATA[]]>
              </value>
            </param>
            <param index="27">
              <value>
                <![CDATA[]]>
              </value>
            </param>
            <param index="28">
              <value>
                <![CDATA[]]>
              </value>
            </param>
          </params>
          <reporter-output>
          </reporter-output>
        </test-method> <!-- mainScript -->
        <test-method status="PASS" signature="mainScript(java.lang.String, java.lang.String, java.lang.String, java.lang.String, java.lang.String, java.lang.String, java.lang.String, java.lang.String, java.lang.String, java.lang.String, java.lang.String, java.lang.String, java.lang.String, java.lang.String, java.lang.String, java.lang.String, java.lang.String, java.lang.String, java.lang.String, java.lang.String, java.lang.String, java.lang.String, java.lang.String, java.lang.String, java.lang.String, java.lang.String, java.lang.String, java.lang.String, java.lang.String)[pri:0, instance:scripts.GCC_mainScript@1e88b3c]" name="mainScript" duration-ms="0" started-at="2017-08-23T12:32:07Z" description="Main script" data-provider="WQM_config" finished-at="2017-08-23T12:32:07Z">
          <params>
            <param index="0">
              <value>
                <![CDATA[]]>
              </value>
            </param>
            <param index="1">
              <value>
                <![CDATA[]]>
              </value>
            </param>
            <param index="2">
              <value>
                <![CDATA[]]>
              </value>
            </param>
            <param index="3">
              <value>
                <![CDATA[]]>
              </value>
            </param>
            <param index="4">
              <value>
                <![CDATA[]]>
              </value>
            </param>
            <param index="5">
              <value>
                <![CDATA[Click here to update Client data mappings ---->]]>
              </value>
            </param>
            <param index="6">
              <value>
                <![CDATA[]]>
              </value>
            </param>
            <param index="7">
              <value>
                <![CDATA[]]>
              </value>
            </param>
            <param index="8">
              <value>
                <![CDATA[]]>
              </value>
            </param>
            <param index="9">
              <value>
                <![CDATA[]]>
              </value>
            </param>
            <param index="10">
              <value>
                <![CDATA[]]>
              </value>
            </param>
            <param index="11">
              <value>
                <![CDATA[]]>
              </value>
            </param>
            <param index="12">
              <value>
                <![CDATA[]]>
              </value>
            </param>
            <param index="13">
              <value>
                <![CDATA[]]>
              </value>
            </param>
            <param index="14">
              <value>
                <![CDATA[]]>
              </value>
            </param>
            <param index="15">
              <value>
                <![CDATA[]]>
              </value>
            </param>
            <param index="16">
              <value>
                <![CDATA[]]>
              </value>
            </param>
            <param index="17">
              <value>
                <![CDATA[]]>
              </value>
            </param>
            <param index="18">
              <value>
                <![CDATA[]]>
              </value>
            </param>
            <param index="19">
              <value>
                <![CDATA[]]>
              </value>
            </param>
            <param index="20">
              <value>
                <![CDATA[]]>
              </value>
            </param>
            <param index="21">
              <value>
                <![CDATA[]]>
              </value>
            </param>
            <param index="22">
              <value>
                <![CDATA[]]>
              </value>
            </param>
            <param index="23">
              <value>
                <![CDATA[]]>
              </value>
            </param>
            <param index="24">
              <value>
                <![CDATA[]]>
              </value>
            </param>
            <param index="25">
              <value>
                <![CDATA[]]>
              </value>
            </param>
            <param index="26">
              <value>
                <![CDATA[]]>
              </value>
            </param>
            <param index="27">
              <value>
                <![CDATA[]]>
              </value>
            </param>
            <param index="28">
              <value>
                <![CDATA[]]>
              </value>
            </param>
          </params>
          <reporter-output>
          </reporter-output>
        </test-method> <!-- mainScript -->
        <test-method status="PASS" signature="clientData(java.lang.String, java.lang.String, java.lang.String, java.lang.String, java.lang.String, java.lang.String, java.lang.String, java.lang.String, java.lang.String, java.lang.String, java.lang.String, java.lang.String, java.lang.String, java.lang.String, java.lang.String, java.lang.String, java.lang.String, java.lang.String, java.lang.String, java.lang.String, java.lang.String, java.lang.String, java.lang.String, java.lang.String)[pri:0, instance:scripts.GCC_mainScript@1e88b3c]" name="clientData" duration-ms="16" started-at="2017-08-23T12:32:07Z" description="Client data creation" data-provider="GCC_ClientData" finished-at="2017-08-23T12:32:07Z">
          <params>
            <param index="0">
              <value>
                <![CDATA[n]]>
              </value>
            </param>
            <param index="1">
              <value>
                <![CDATA[BAKER HUGHES INCORPORATED]]>
              </value>
            </param>
            <param index="2">
              <value>
                <![CDATA[9940079319]]>
              </value>
            </param>
            <param index="3">
              <value>
                <![CDATA[North America]]>
              </value>
            </param>
            <param index="4">
              <value>
                <![CDATA[FAO BTO]]>
              </value>
            </param>
            <param index="5">
              <value>
                <![CDATA[F&A]]>
              </value>
            </param>
            <param index="6">
              <value>
                <![CDATA[EALA]]>
              </value>
            </param>
            <param index="7">
              <value>
                <![CDATA[Buenos Aires]]>
              </value>
            </param>
            <param index="8">
              <value>
                <![CDATA[Portela, Andrea K.]]>
              </value>
            </param>
            <param index="9">
              <value>
                <![CDATA[Sharpe, Keith D.]]>
              </value>
            </param>
            <param index="10">
              <value>
                <![CDATA[Collado, Victoria B.]]>
              </value>
            </param>
            <param index="11">
              <value>
                <![CDATA[Collado, Victoria B.]]>
              </value>
            </param>
            <param index="12">
              <value>
                <![CDATA[01-Dec-2008]]>
              </value>
            </param>
            <param index="13">
              <value>
                <![CDATA[31-Dec-2021]]>
              </value>
            </param>
            <param index="14">
              <value>
                <![CDATA[NO]]>
              </value>
            </param>
            <param index="15">
              <value>
                <![CDATA[Tejaswi Ganamukala]]>
              </value>
            </param>
            <param index="16">
              <value>
                <![CDATA[]]>
              </value>
            </param>
            <param index="17">
              <value>
                <![CDATA[R2R]]>
              </value>
            </param>
            <param index="18">
              <value>
                <![CDATA[]]>
              </value>
            </param>
            <param index="19">
              <value>
                <![CDATA[Missing Month End Close timelines]]>
              </value>
            </param>
            <param index="20">
              <value>
                <![CDATA[Test]]>
              </value>
            </param>
            <param index="21">
              <value>
                <![CDATA[3 - Medium]]>
              </value>
            </param>
            <param index="22">
              <value>
                <![CDATA[2017-08-23]]>
              </value>
            </param>
            <param index="23">
              <value>
                <![CDATA[2017-08-26 04:50:51]]>
              </value>
            </param>
          </params>
          <reporter-output>
          </reporter-output>
        </test-method> <!-- clientData -->
        <test-method status="PASS" signature="clientData(java.lang.String, java.lang.String, java.lang.String, java.lang.String, java.lang.String, java.lang.String, java.lang.String, java.lang.String, java.lang.String, java.lang.String, java.lang.String, java.lang.String, java.lang.String, java.lang.String, java.lang.String, java.lang.String, java.lang.String, java.lang.String, java.lang.String, java.lang.String, java.lang.String, java.lang.String, java.lang.String, java.lang.String)[pri:0, instance:scripts.GCC_mainScript@1e88b3c]" name="clientData" duration-ms="0" started-at="2017-08-23T12:32:07Z" description="Client data creation" data-provider="GCC_ClientData" finished-at="2017-08-23T12:32:07Z">
          <params>
            <param index="0">
              <value>
                <![CDATA[n]]>
              </value>
            </param>
            <param index="1">
              <value>
                <![CDATA[BAKER HUGHES INCORPORATED]]>
              </value>
            </param>
            <param index="2">
              <value>
                <![CDATA[9940079319]]>
              </value>
            </param>
            <param index="3">
              <value>
                <![CDATA[North America]]>
              </value>
            </param>
            <param index="4">
              <value>
                <![CDATA[FAO BTO]]>
              </value>
            </param>
            <param index="5">
              <value>
                <![CDATA[F&A]]>
              </value>
            </param>
            <param index="6">
              <value>
                <![CDATA[APAC]]>
              </value>
            </param>
            <param index="7">
              <value>
                <![CDATA[Philippines]]>
              </value>
            </param>
            <param index="8">
              <value>
                <![CDATA[Baltazar, Jerilee A.]]>
              </value>
            </param>
            <param index="9">
              <value>
                <![CDATA[Sharpe, Keith D.]]>
              </value>
            </param>
            <param index="10">
              <value>
                <![CDATA[Collado, Victoria B.]]>
              </value>
            </param>
            <param index="11">
              <value>
                <![CDATA[Collado, Victoria B.]]>
              </value>
            </param>
            <param index="12">
              <value>
                <![CDATA[01-Dec-2008]]>
              </value>
            </param>
            <param index="13">
              <value>
                <![CDATA[31-Dec-2021]]>
              </value>
            </param>
            <param index="14">
              <value>
                <![CDATA[NO]]>
              </value>
            </param>
            <param index="15">
              <value>
                <![CDATA[Tejaswi Ganamukala]]>
              </value>
            </param>
            <param index="16">
              <value>
                <![CDATA[]]>
              </value>
            </param>
            <param index="17">
              <value>
                <![CDATA[FP&A]]>
              </value>
            </param>
            <param index="18">
              <value>
                <![CDATA[]]>
              </value>
            </param>
            <param index="19">
              <value>
                <![CDATA[Missing Budgeting & Forecast submission timelines]]>
              </value>
            </param>
            <param index="20">
              <value>
                <![CDATA[Test]]>
              </value>
            </param>
            <param index="21">
              <value>
                <![CDATA[2 - High]]>
              </value>
            </param>
            <param index="22">
              <value>
                <![CDATA[2017-08-23]]>
              </value>
            </param>
            <param index="23">
              <value>
                <![CDATA[2017-08-26 04:50:51]]>
              </value>
            </param>
          </params>
          <reporter-output>
          </reporter-output>
        </test-method> <!-- clientData -->
        <test-method status="PASS" signature="clientData(java.lang.String, java.lang.String, java.lang.String, java.lang.String, java.lang.String, java.lang.String, java.lang.String, java.lang.String, java.lang.String, java.lang.String, java.lang.String, java.lang.String, java.lang.String, java.lang.String, java.lang.String, java.lang.String, java.lang.String, java.lang.String, java.lang.String, java.lang.String, java.lang.String, java.lang.String, java.lang.String, java.lang.String)[pri:0, instance:scripts.GCC_mainScript@1e88b3c]" name="clientData" duration-ms="91502" started-at="2017-08-23T12:32:07Z" description="Client data creation" data-provider="GCC_ClientData" finished-at="2017-08-23T12:33:39Z">
          <params>
            <param index="0">
              <value>
                <![CDATA[y]]>
              </value>
            </param>
            <param index="1">
              <value>
                <![CDATA[BEST BUY, INC.]]>
              </value>
            </param>
            <param index="2">
              <value>
                <![CDATA[9940088554]]>
              </value>
            </param>
            <param index="3">
              <value>
                <![CDATA[North America]]>
              </value>
            </param>
            <param index="4">
              <value>
                <![CDATA[HRO Services]]>
              </value>
            </param>
            <param index="5">
              <value>
                <![CDATA[HR Operations]]>
              </value>
            </param>
            <param index="6">
              <value>
                <![CDATA[North America]]>
              </value>
            </param>
            <param index="7">
              <value>
                <![CDATA[Rest of US]]>
              </value>
            </param>
            <param index="8">
              <value>
                <![CDATA[Chadwick, Sondra L.]]>
              </value>
            </param>
            <param index="9">
              <value>
                <![CDATA[Marthaler, Greg M.]]>
              </value>
            </param>
            <param index="10">
              <value>
                <![CDATA[Stovall, T. Kenneth]]>
              </value>
            </param>
            <param index="11">
              <value>
                <![CDATA[Chadwick, Sondra L.]]>
              </value>
            </param>
            <param index="12">
              <value>
                <![CDATA[01-Jun-2009]]>
              </value>
            </param>
            <param index="13">
              <value>
                <![CDATA[29-Feb-2020]]>
              </value>
            </param>
            <param index="14">
              <value>
                <![CDATA[NO]]>
              </value>
            </param>
            <param index="15">
              <value>
                <![CDATA[Tejaswi Ganamukala]]>
              </value>
            </param>
            <param index="16">
              <value>
                <![CDATA[ELM, General Service Delivery Issue, Other, Payroll, Talent Acquisition]]>
              </value>
            </param>
            <param index="17">
              <value>
                <![CDATA[ELM]]>
              </value>
            </param>
            <param index="18">
              <value>
                <![CDATA[Other@Incorrect Redundancy/Severance /Exit processed@Incorrect Calculation & Payment of Bonus/Merit hikes/Employee Stock Options@Incorrect mass upload / Manual updating with employee, employment & Salary details@Incorrect New Hire set up/Benefits/Leave enrollment@Incorrect mass communication]]>
              </value>
            </param>
            <param index="19">
              <value>
                <![CDATA[Incorrect mass communication]]>
              </value>
            </param>
            <param index="20">
              <value>
                <![CDATA[Test]]>
              </value>
            </param>
            <param index="21">
              <value>
                <![CDATA[1 - Critical]]>
              </value>
            </param>
            <param index="22">
              <value>
                <![CDATA[2017-08-23]]>
              </value>
            </param>
            <param index="23">
              <value>
                <![CDATA[2017-08-26 04:50:51]]>
              </value>
            </param>
          </params>
          <reporter-output>
            <line>
              <![CDATA[<table width= 100% ; border = 1.5; rules =rows ><tbody><tr><td> <font style=\width:130px;text-align:left;color:black;font-size:12px;font-family:verdana;\><strong>Info</strong></td><td> <font style=\width:130px;text-align:left;color:black;font-size:12px;font-family:verdana;\>The INCIDENT number is = INC0001674</td></tr></tbody></table>]]>
            </line>
            <line>
              <![CDATA[<table width= 100% ; border = 1.5; rules =rows ><tbody><tr><td> <font style=\width:130px;text-align:left;color:Green;font-size:12px;font-family:verdana;\><strong>Pass</strong></td><td> <font style=\width:130px;text-align:left;color:black;font-size:12px;font-family:verdana;\>Incident INC0001674 has been created for client - BEST BUY, INC.</td></tr></tbody></table>]]>
            </line>
          </reporter-output>
        </test-method> <!-- clientData -->
        <test-method status="PASS" signature="clientData(java.lang.String, java.lang.String, java.lang.String, java.lang.String, java.lang.String, java.lang.String, java.lang.String, java.lang.String, java.lang.String, java.lang.String, java.lang.String, java.lang.String, java.lang.String, java.lang.String, java.lang.String, java.lang.String, java.lang.String, java.lang.String, java.lang.String, java.lang.String, java.lang.String, java.lang.String, java.lang.String, java.lang.String)[pri:0, instance:scripts.GCC_mainScript@1e88b3c]" name="clientData" duration-ms="2" started-at="2017-08-23T12:33:39Z" description="Client data creation" data-provider="GCC_ClientData" finished-at="2017-08-23T12:33:39Z">
          <params>
            <param index="0">
              <value>
                <![CDATA[n]]>
              </value>
            </param>
            <param index="1">
              <value>
                <![CDATA[BEST BUY, INC.]]>
              </value>
            </param>
            <param index="2">
              <value>
                <![CDATA[9940088554]]>
              </value>
            </param>
            <param index="3">
              <value>
                <![CDATA[North America]]>
              </value>
            </param>
            <param index="4">
              <value>
                <![CDATA[BBY-  F&ABPO Transition]]>
              </value>
            </param>
            <param index="5">
              <value>
                <![CDATA[F&A]]>
              </value>
            </param>
            <param index="6">
              <value>
                <![CDATA[North America]]>
              </value>
            </param>
            <param index="7">
              <value>
                <![CDATA[Rest of US]]>
              </value>
            </param>
            <param index="8">
              <value>
                <![CDATA[Krishnan, Ananda]]>
              </value>
            </param>
            <param index="9">
              <value>
                <![CDATA[Marthaler, Greg M.]]>
              </value>
            </param>
            <param index="10">
              <value>
                <![CDATA[Stovall, T. Kenneth]]>
              </value>
            </param>
            <param index="11">
              <value>
                <![CDATA[Chadwick, Sondra L.]]>
              </value>
            </param>
            <param index="12">
              <value>
                <![CDATA[01-Jun-2009]]>
              </value>
            </param>
            <param index="13">
              <value>
                <![CDATA[29-Feb-2020]]>
              </value>
            </param>
            <param index="14">
              <value>
                <![CDATA[NO]]>
              </value>
            </param>
            <param index="15">
              <value>
                <![CDATA[Tejaswi Ganamukala]]>
              </value>
            </param>
            <param index="16">
              <value>
                <![CDATA[]]>
              </value>
            </param>
            <param index="17">
              <value>
                <![CDATA[ALL]]>
              </value>
            </param>
            <param index="18">
              <value>
                <![CDATA[]]>
              </value>
            </param>
            <param index="19">
              <value>
                <![CDATA[Data Breach/Privacy Issues]]>
              </value>
            </param>
            <param index="20">
              <value>
                <![CDATA[Test]]>
              </value>
            </param>
            <param index="21">
              <value>
                <![CDATA[3 - Medium]]>
              </value>
            </param>
            <param index="22">
              <value>
                <![CDATA[2017-08-23]]>
              </value>
            </param>
            <param index="23">
              <value>
                <![CDATA[2017-08-26 04:50:51]]>
              </value>
            </param>
          </params>
          <reporter-output>
          </reporter-output>
        </test-method> <!-- clientData -->
        <test-method status="PASS" signature="clientData(java.lang.String, java.lang.String, java.lang.String, java.lang.String, java.lang.String, java.lang.String, java.lang.String, java.lang.String, java.lang.String, java.lang.String, java.lang.String, java.lang.String, java.lang.String, java.lang.String, java.lang.String, java.lang.String, java.lang.String, java.lang.String, java.lang.String, java.lang.String, java.lang.String, java.lang.String, java.lang.String, java.lang.String)[pri:0, instance:scripts.GCC_mainScript@1e88b3c]" name="clientData" duration-ms="16" started-at="2017-08-23T12:33:39Z" description="Client data creation" data-provider="GCC_ClientData" finished-at="2017-08-23T12:33:39Z">
          <params>
            <param index="0">
              <value>
                <![CDATA[n]]>
              </value>
            </param>
            <param index="1">
              <value>
                <![CDATA[FACEBOOK INC.]]>
              </value>
            </param>
            <param index="2">
              <value>
                <![CDATA[9940126635]]>
              </value>
            </param>
            <param index="3">
              <value>
                <![CDATA[North America]]>
              </value>
            </param>
            <param index="4">
              <value>
                <![CDATA[F&A Outsourcing]]>
              </value>
            </param>
            <param index="5">
              <value>
                <![CDATA[F&A]]>
              </value>
            </param>
            <param index="6">
              <value>
                <![CDATA[EALA]]>
              </value>
            </param>
            <param index="7">
              <value>
                <![CDATA[Poland]]>
              </value>
            </param>
            <param index="8">
              <value>
                <![CDATA[Orpiszewska, Beata]]>
              </value>
            </param>
            <param index="9">
              <value>
                <![CDATA[Rodriguez, Rene A.]]>
              </value>
            </param>
            <param index="10">
              <value>
                <![CDATA[Master, Jal]]>
              </value>
            </param>
            <param index="11">
              <value>
                <![CDATA[Tyne, Raymond J.]]>
              </value>
            </param>
            <param index="12">
              <value>
                <![CDATA[01-Aug-2011]]>
              </value>
            </param>
            <param index="13">
              <value>
                <![CDATA[31-Dec-2019]]>
              </value>
            </param>
            <param index="14">
              <value>
                <![CDATA[NO]]>
              </value>
            </param>
            <param index="15">
              <value>
                <![CDATA[Tejaswi Ganamukala]]>
              </value>
            </param>
            <param index="16">
              <value>
                <![CDATA[]]>
              </value>
            </param>
            <param index="17">
              <value>
                <![CDATA[P2P]]>
              </value>
            </param>
            <param index="18">
              <value>
                <![CDATA[]]>
              </value>
            </param>
            <param index="19">
              <value>
                <![CDATA[PO sent to wrong supplier]]>
              </value>
            </param>
            <param index="20">
              <value>
                <![CDATA[Test]]>
              </value>
            </param>
            <param index="21">
              <value>
                <![CDATA[1 - Critical]]>
              </value>
            </param>
            <param index="22">
              <value>
                <![CDATA[2017-08-23]]>
              </value>
            </param>
            <param index="23">
              <value>
                <![CDATA[2017-08-26 04:50:51]]>
              </value>
            </param>
          </params>
          <reporter-output>
          </reporter-output>
        </test-method> <!-- clientData -->
        <test-method status="PASS" signature="clientData(java.lang.String, java.lang.String, java.lang.String, java.lang.String, java.lang.String, java.lang.String, java.lang.String, java.lang.String, java.lang.String, java.lang.String, java.lang.String, java.lang.String, java.lang.String, java.lang.String, java.lang.String, java.lang.String, java.lang.String, java.lang.String, java.lang.String, java.lang.String, java.lang.String, java.lang.String, java.lang.String, java.lang.String)[pri:0, instance:scripts.GCC_mainScript@1e88b3c]" name="clientData" duration-ms="4" started-at="2017-08-23T12:33:39Z" description="Client data creation" data-provider="GCC_ClientData" finished-at="2017-08-23T12:33:39Z">
          <params>
            <param index="0">
              <value>
                <![CDATA[n]]>
              </value>
            </param>
            <param index="1">
              <value>
                <![CDATA[FACEBOOK INC.]]>
              </value>
            </param>
            <param index="2">
              <value>
                <![CDATA[9940126635]]>
              </value>
            </param>
            <param index="3">
              <value>
                <![CDATA[North America]]>
              </value>
            </param>
            <param index="4">
              <value>
                <![CDATA[F&A Outsourcing]]>
              </value>
            </param>
            <param index="5">
              <value>
                <![CDATA[HR Operations]]>
              </value>
            </param>
            <param index="6">
              <value>
                <![CDATA[APAC]]>
              </value>
            </param>
            <param index="7">
              <value>
                <![CDATA[Philippines]]>
              </value>
            </param>
            <param index="8">
              <value>
                <![CDATA[Simon, Adelina D.]]>
              </value>
            </param>
            <param index="9">
              <value>
                <![CDATA[Lee, Davin]]>
              </value>
            </param>
            <param index="10">
              <value>
                <![CDATA[Master, Jal]]>
              </value>
            </param>
            <param index="11">
              <value>
                <![CDATA[Larkins, Craig Ashley]]>
              </value>
            </param>
            <param index="12">
              <value>
                <![CDATA[01-Aug-2011]]>
              </value>
            </param>
            <param index="13">
              <value>
                <![CDATA[31-Dec-2019]]>
              </value>
            </param>
            <param index="14">
              <value>
                <![CDATA[NO]]>
              </value>
            </param>
            <param index="15">
              <value>
                <![CDATA[Tejaswi Ganamukala]]>
              </value>
            </param>
            <param index="16">
              <value>
                <![CDATA[]]>
              </value>
            </param>
            <param index="17">
              <value>
                <![CDATA[Payroll]]>
              </value>
            </param>
            <param index="18">
              <value>
                <![CDATA[]]>
              </value>
            </param>
            <param index="19">
              <value>
                <![CDATA[Incorrect Tax remittance]]>
              </value>
            </param>
            <param index="20">
              <value>
                <![CDATA[Test]]>
              </value>
            </param>
            <param index="21">
              <value>
                <![CDATA[3 - Medium]]>
              </value>
            </param>
            <param index="22">
              <value>
                <![CDATA[2017-08-23]]>
              </value>
            </param>
            <param index="23">
              <value>
                <![CDATA[2017-08-26 04:50:51]]>
              </value>
            </param>
          </params>
          <reporter-output>
          </reporter-output>
        </test-method> <!-- clientData -->
        <test-method status="PASS" signature="clientData(java.lang.String, java.lang.String, java.lang.String, java.lang.String, java.lang.String, java.lang.String, java.lang.String, java.lang.String, java.lang.String, java.lang.String, java.lang.String, java.lang.String, java.lang.String, java.lang.String, java.lang.String, java.lang.String, java.lang.String, java.lang.String, java.lang.String, java.lang.String, java.lang.String, java.lang.String, java.lang.String, java.lang.String)[pri:0, instance:scripts.GCC_mainScript@1e88b3c]" name="clientData" duration-ms="1" started-at="2017-08-23T12:33:39Z" description="Client data creation" data-provider="GCC_ClientData" finished-at="2017-08-23T12:33:39Z">
          <params>
            <param index="0">
              <value>
                <![CDATA[n]]>
              </value>
            </param>
            <param index="1">
              <value>
                <![CDATA[GOOGLE]]>
              </value>
            </param>
            <param index="2">
              <value>
                <![CDATA[9940211737]]>
              </value>
            </param>
            <param index="3">
              <value>
                <![CDATA[North America]]>
              </value>
            </param>
            <param index="4">
              <value>
                <![CDATA[WSIGGoogle Payroll Support Extension]]>
              </value>
            </param>
            <param index="5">
              <value>
                <![CDATA[HR Operations]]>
              </value>
            </param>
            <param index="6">
              <value>
                <![CDATA[APAC]]>
              </value>
            </param>
            <param index="7">
              <value>
                <![CDATA[Rest of APAC (Indo, Malay, Singa, Japan)]]>
              </value>
            </param>
            <param index="8">
              <value>
                <![CDATA[Narsai, Dipesh]]>
              </value>
            </param>
            <param index="9">
              <value>
                <![CDATA[Ramkelwan, Nival]]>
              </value>
            </param>
            <param index="10">
              <value>
                <![CDATA[Master, Jal]]>
              </value>
            </param>
            <param index="11">
              <value>
                <![CDATA[Master, Jal]]>
              </value>
            </param>
            <param index="12">
              <value>
                <![CDATA[01-Feb-2016]]>
              </value>
            </param>
            <param index="13">
              <value>
                <![CDATA[31-Dec-2017]]>
              </value>
            </param>
            <param index="14">
              <value>
                <![CDATA[NO]]>
              </value>
            </param>
            <param index="15">
              <value>
                <![CDATA[Tejaswi Ganamukala]]>
              </value>
            </param>
            <param index="16">
              <value>
                <![CDATA[]]>
              </value>
            </param>
            <param index="17">
              <value>
                <![CDATA[Talent Acquisition]]>
              </value>
            </param>
            <param index="18">
              <value>
                <![CDATA[]]>
              </value>
            </param>
            <param index="19">
              <value>
                <![CDATA[Incorrect offer letter provided]]>
              </value>
            </param>
            <param index="20">
              <value>
                <![CDATA[Test]]>
              </value>
            </param>
            <param index="21">
              <value>
                <![CDATA[3 - Medium]]>
              </value>
            </param>
            <param index="22">
              <value>
                <![CDATA[2017-08-23]]>
              </value>
            </param>
            <param index="23">
              <value>
                <![CDATA[2017-08-26 04:50:51]]>
              </value>
            </param>
          </params>
          <reporter-output>
          </reporter-output>
        </test-method> <!-- clientData -->
        <test-method status="PASS" signature="clientData(java.lang.String, java.lang.String, java.lang.String, java.lang.String, java.lang.String, java.lang.String, java.lang.String, java.lang.String, java.lang.String, java.lang.String, java.lang.String, java.lang.String, java.lang.String, java.lang.String, java.lang.String, java.lang.String, java.lang.String, java.lang.String, java.lang.String, java.lang.String, java.lang.String, java.lang.String, java.lang.String, java.lang.String)[pri:0, instance:scripts.GCC_mainScript@1e88b3c]" name="clientData" duration-ms="1" started-at="2017-08-23T12:33:39Z" description="Client data creation" data-provider="GCC_ClientData" finished-at="2017-08-23T12:33:39Z">
          <params>
            <param index="0">
              <value>
                <![CDATA[n]]>
              </value>
            </param>
            <param index="1">
              <value>
                <![CDATA[GOOGLE]]>
              </value>
            </param>
            <param index="2">
              <value>
                <![CDATA[9940149989]]>
              </value>
            </param>
            <param index="3">
              <value>
                <![CDATA[North America]]>
              </value>
            </param>
            <param index="4">
              <value>
                <![CDATA[FP&A Wave 1+2]]>
              </value>
            </param>
            <param index="5">
              <value>
                <![CDATA[F&A]]>
              </value>
            </param>
            <param index="6">
              <value>
                <![CDATA[APAC]]>
              </value>
            </param>
            <param index="7">
              <value>
                <![CDATA[India Bangalore]]>
              </value>
            </param>
            <param index="8">
              <value>
                <![CDATA[Das, Partish]]>
              </value>
            </param>
            <param index="9">
              <value>
                <![CDATA[Satpute, Jitendra]]>
              </value>
            </param>
            <param index="10">
              <value>
                <![CDATA[Arora, Manoj]]>
              </value>
            </param>
            <param index="11">
              <value>
                <![CDATA[]]>
              </value>
            </param>
            <param index="12">
              <value>
                <![CDATA[09-Nov-2012]]>
              </value>
            </param>
            <param index="13">
              <value>
                <![CDATA[31-Dec-2017]]>
              </value>
            </param>
            <param index="14">
              <value>
                <![CDATA[NO]]>
              </value>
            </param>
            <param index="15">
              <value>
                <![CDATA[Tejaswi Ganamukala]]>
              </value>
            </param>
            <param index="16">
              <value>
                <![CDATA[]]>
              </value>
            </param>
            <param index="17">
              <value>
                <![CDATA[P2P]]>
              </value>
            </param>
            <param index="18">
              <value>
                <![CDATA[]]>
              </value>
            </param>
            <param index="19">
              <value>
                <![CDATA[Catalog wrong pricing]]>
              </value>
            </param>
            <param index="20">
              <value>
                <![CDATA[Test]]>
              </value>
            </param>
            <param index="21">
              <value>
                <![CDATA[2 - High]]>
              </value>
            </param>
            <param index="22">
              <value>
                <![CDATA[2017-08-23]]>
              </value>
            </param>
            <param index="23">
              <value>
                <![CDATA[2017-08-26 04:50:51]]>
              </value>
            </param>
          </params>
          <reporter-output>
          </reporter-output>
        </test-method> <!-- clientData -->
        <test-method status="PASS" signature="clientData(java.lang.String, java.lang.String, java.lang.String, java.lang.String, java.lang.String, java.lang.String, java.lang.String, java.lang.String, java.lang.String, java.lang.String, java.lang.String, java.lang.String, java.lang.String, java.lang.String, java.lang.String, java.lang.String, java.lang.String, java.lang.String, java.lang.String, java.lang.String, java.lang.String, java.lang.String, java.lang.String, java.lang.String)[pri:0, instance:scripts.GCC_mainScript@1e88b3c]" name="clientData" duration-ms="83409" started-at="2017-08-23T12:33:39Z" description="Client data creation" data-provider="GCC_ClientData" finished-at="2017-08-23T12:35:02Z">
          <params>
            <param index="0">
              <value>
                <![CDATA[y]]>
              </value>
            </param>
            <param index="1">
              <value>
                <![CDATA[LIBERTY GLOBAL]]>
              </value>
            </param>
            <param index="2">
              <value>
                <![CDATA[9940176202]]>
              </value>
            </param>
            <param index="3">
              <value>
                <![CDATA[EALA]]>
              </value>
            </param>
            <param index="4">
              <value>
                <![CDATA[Shared Services BPO P2P]]>
              </value>
            </param>
            <param index="5">
              <value>
                <![CDATA[Sourcing and Procurement]]>
              </value>
            </param>
            <param index="6">
              <value>
                <![CDATA[EALA]]>
              </value>
            </param>
            <param index="7">
              <value>
                <![CDATA[Slovakia]]>
              </value>
            </param>
            <param index="8">
              <value>
                <![CDATA[Lacova, Zuzana]]>
              </value>
            </param>
            <param index="9">
              <value>
                <![CDATA[De Groot, Hans]]>
              </value>
            </param>
            <param index="10">
              <value>
                <![CDATA[Viswathmula, Ravindra]]>
              </value>
            </param>
            <param index="11">
              <value>
                <![CDATA[De Groot, Hans]]>
              </value>
            </param>
            <param index="12">
              <value>
                <![CDATA[28-May-2014]]>
              </value>
            </param>
            <param index="13">
              <value>
                <![CDATA[31-Dec-2021]]>
              </value>
            </param>
            <param index="14">
              <value>
                <![CDATA[YES]]>
              </value>
            </param>
            <param index="15">
              <value>
                <![CDATA[Tejaswi Ganamukala]]>
              </value>
            </param>
            <param index="16">
              <value>
                <![CDATA[]]>
              </value>
            </param>
            <param index="17">
              <value>
                <![CDATA[Other]]>
              </value>
            </param>
            <param index="18">
              <value>
                <![CDATA[]]>
              </value>
            </param>
            <param index="19">
              <value>
                <![CDATA[Other]]>
              </value>
            </param>
            <param index="20">
              <value>
                <![CDATA[Test]]>
              </value>
            </param>
            <param index="21">
              <value>
                <![CDATA[1 - Critical]]>
              </value>
            </param>
            <param index="22">
              <value>
                <![CDATA[2017-08-23]]>
              </value>
            </param>
            <param index="23">
              <value>
                <![CDATA[2017-08-26 04:50:51]]>
              </value>
            </param>
          </params>
          <reporter-output>
            <line>
              <![CDATA[<table width= 100% ; border = 1.5; rules =rows ><tbody><tr><td> <font style=\width:130px;text-align:left;color:black;font-size:12px;font-family:verdana;\><strong>Info</strong></td><td> <font style=\width:130px;text-align:left;color:black;font-size:12px;font-family:verdana;\>The INCIDENT number is = INC0001676</td></tr></tbody></table>]]>
            </line>
            <line>
              <![CDATA[<table width= 100% ; border = 1.5; rules =rows ><tbody><tr><td> <font style=\width:130px;text-align:left;color:Green;font-size:12px;font-family:verdana;\><strong>Pass</strong></td><td> <font style=\width:130px;text-align:left;color:black;font-size:12px;font-family:verdana;\>Incident INC0001676 has been created for client - LIBERTY GLOBAL</td></tr></tbody></table>]]>
            </line>
          </reporter-output>
        </test-method> <!-- clientData -->
        <test-method status="PASS" signature="clientData(java.lang.String, java.lang.String, java.lang.String, java.lang.String, java.lang.String, java.lang.String, java.lang.String, java.lang.String, java.lang.String, java.lang.String, java.lang.String, java.lang.String, java.lang.String, java.lang.String, java.lang.String, java.lang.String, java.lang.String, java.lang.String, java.lang.String, java.lang.String, java.lang.String, java.lang.String, java.lang.String, java.lang.String)[pri:0, instance:scripts.GCC_mainScript@1e88b3c]" name="clientData" duration-ms="5" started-at="2017-08-23T12:35:02Z" description="Client data creation" data-provider="GCC_ClientData" finished-at="2017-08-23T12:35:02Z">
          <params>
            <param index="0">
              <value>
                <![CDATA[n]]>
              </value>
            </param>
            <param index="1">
              <value>
                <![CDATA[LIBERTY GLOBAL]]>
              </value>
            </param>
            <param index="2">
              <value>
                <![CDATA[9940184027]]>
              </value>
            </param>
            <param index="3">
              <value>
                <![CDATA[EALA]]>
              </value>
            </param>
            <param index="4">
              <value>
                <![CDATA[Jaguar]]>
              </value>
            </param>
            <param index="5">
              <value>
                <![CDATA[F&A]]>
              </value>
            </param>
            <param index="6">
              <value>
                <![CDATA[APAC]]>
              </value>
            </param>
            <param index="7">
              <value>
                <![CDATA[India Bangalore]]>
              </value>
            </param>
            <param index="8">
              <value>
                <![CDATA[Acharya, Praveen]]>
              </value>
            </param>
            <param index="9">
              <value>
                <![CDATA[Rangarajan, Rashmi]]>
              </value>
            </param>
            <param index="10">
              <value>
                <![CDATA[Viswathmula, Ravindra]]>
              </value>
            </param>
            <param index="11">
              <value>
                <![CDATA[Kumar, A. X.]]>
              </value>
            </param>
            <param index="12">
              <value>
                <![CDATA[01-Nov-2014]]>
              </value>
            </param>
            <param index="13">
              <value>
                <![CDATA[25-Jun-2019]]>
              </value>
            </param>
            <param index="14">
              <value>
                <![CDATA[NO]]>
              </value>
            </param>
            <param index="15">
              <value>
                <![CDATA[Tejaswi Ganamukala]]>
              </value>
            </param>
            <param index="16">
              <value>
                <![CDATA[]]>
              </value>
            </param>
            <param index="17">
              <value>
                <![CDATA[P2P]]>
              </value>
            </param>
            <param index="18">
              <value>
                <![CDATA[]]>
              </value>
            </param>
            <param index="19">
              <value>
                <![CDATA[Duplicate Payments]]>
              </value>
            </param>
            <param index="20">
              <value>
                <![CDATA[Test]]>
              </value>
            </param>
            <param index="21">
              <value>
                <![CDATA[3 - Medium]]>
              </value>
            </param>
            <param index="22">
              <value>
                <![CDATA[2017-08-23]]>
              </value>
            </param>
            <param index="23">
              <value>
                <![CDATA[2017-08-26 04:50:51]]>
              </value>
            </param>
          </params>
          <reporter-output>
          </reporter-output>
        </test-method> <!-- clientData -->
        <test-method status="PASS" signature="clientData(java.lang.String, java.lang.String, java.lang.String, java.lang.String, java.lang.String, java.lang.String, java.lang.String, java.lang.String, java.lang.String, java.lang.String, java.lang.String, java.lang.String, java.lang.String, java.lang.String, java.lang.String, java.lang.String, java.lang.String, java.lang.String, java.lang.String, java.lang.String, java.lang.String, java.lang.String, java.lang.String, java.lang.String)[pri:0, instance:scripts.GCC_mainScript@1e88b3c]" name="clientData" duration-ms="4" started-at="2017-08-23T12:35:02Z" description="Client data creation" data-provider="GCC_ClientData" finished-at="2017-08-23T12:35:02Z">
          <params>
            <param index="0">
              <value>
                <![CDATA[n]]>
              </value>
            </param>
            <param index="1">
              <value>
                <![CDATA[MICROSOFT CORPORATION]]>
              </value>
            </param>
            <param index="2">
              <value>
                <![CDATA[9940221150]]>
              </value>
            </param>
            <param index="3">
              <value>
                <![CDATA[EALA]]>
              </value>
            </param>
            <param index="4">
              <value>
                <![CDATA[Microsoft One Finance Master Contract]]>
              </value>
            </param>
            <param index="5">
              <value>
                <![CDATA[F&A]]>
              </value>
            </param>
            <param index="6">
              <value>
                <![CDATA[EALA]]>
              </value>
            </param>
            <param index="7">
              <value>
                <![CDATA[Buenos Aires]]>
              </value>
            </param>
            <param index="8">
              <value>
                <![CDATA[Civale, Pablo A.]]>
              </value>
[...]
            </param>
            <param index="4">
              <value>
                <![CDATA[HPI:Sales &Partner Learning University]]>
              </value>
            </param>
            <param index="5">
              <value>
                <![CDATA[Talent - Learning]]>
              </value>
            </param>
            <param index="6">
              <value>
                <![CDATA[APAC]]>
              </value>
            </param>
            <param index="7">
              <value>
                <![CDATA[India Mumbai]]>
              </value>
            </param>
            <param index="8">
              <value>
                <![CDATA[Cherla Sastry, Anita]]>
              </value>
            </param>
            <param index="9">
              <value>
                <![CDATA[Passow, Ashley E.]]>
              </value>
            </param>
            <param index="10">
              <value>
                <![CDATA[Neumann, Paul J.]]>
              </value>
            </param>
            <param index="11">
              <value>
                <![CDATA[Jones, Erica J.]]>
              </value>
            </param>
            <param index="12">
              <value>
                <![CDATA[18-Apr-2016]]>
              </value>
            </param>
            <param index="13">
              <value>
                <![CDATA[30-Nov-2021]]>
              </value>
            </param>
            <param index="14">
              <value>
                <![CDATA[NO]]>
              </value>
            </param>
            <param index="15">
              <value>
                <![CDATA[Tejaswi Ganamukala]]>
              </value>
            </param>
            <param index="16">
              <value>
                <![CDATA[]]>
              </value>
            </param>
            <param index="17">
              <value>
                <![CDATA[]]>
              </value>
            </param>
            <param index="18">
              <value>
                <![CDATA[]]>
              </value>
            </param>
            <param index="19">
              <value>
                <![CDATA[]]>
              </value>
            </param>
            <param index="20">
              <value>
                <![CDATA[Test]]>
              </value>
            </param>
            <param index="21">
              <value>
                <![CDATA[1 - Critical]]>
              </value>
            </param>
            <param index="22">
              <value>
                <![CDATA[2017-08-23]]>
              </value>
            </param>
            <param index="23">
              <value>
                <![CDATA[2017-08-26 04:50:51]]>
              </value>
            </param>
          </params>
          <reporter-output>
          </reporter-output>
        </test-method> <!-- clientData -->
        <test-method status="PASS" signature="clientData(java.lang.String, java.lang.String, java.lang.String, java.lang.String, java.lang.String, java.lang.String, java.lang.String, java.lang.String, java.lang.String, java.lang.String, java.lang.String, java.lang.String, java.lang.String, java.lang.String, java.lang.String, java.lang.String, java.lang.String, java.lang.String, java.lang.String, java.lang.String, java.lang.String, java.lang.String, java.lang.String, java.lang.String)[pri:0, instance:scripts.GCC_mainScript@1e88b3c]" name="clientData" duration-ms="1" started-at="2017-08-23T12:35:02Z" description="Client data creation" data-provider="GCC_ClientData" finished-at="2017-08-23T12:35:02Z">
          <params>
            <param index="0">
              <value>
                <![CDATA[n]]>
              </value>
            </param>
            <param index="1">
              <value>
                <![CDATA[HP INC.]]>
              </value>
            </param>
            <param index="2">
              <value>
                <![CDATA[9940190682]]>
              </value>
            </param>
            <param index="3">
              <value>
                <![CDATA[North America]]>
              </value>
            </param>
            <param index="4">
              <value>
                <![CDATA[C3PO Mobilization]]>
              </value>
            </param>
            <param index="5">
              <value>
                <![CDATA[Customer Service]]>
              </value>
            </param>
            <param index="6">
              <value>
                <![CDATA[EALA]]>
              </value>
            </param>
            <param index="7">
              <value>
                <![CDATA[Romania]]>
              </value>
            </param>
            <param index="8">
              <value>
                <![CDATA[Baescu, Victor]]>
              </value>
            </param>
            <param index="9">
              <value>
                <![CDATA[Collins, Michael F.]]>
              </value>
            </param>
            <param index="10">
              <value>
                <![CDATA[Stovall, T. Kenneth]]>
              </value>
            </param>
            <param index="11">
              <value>
                <![CDATA[Sayyad, Arshad]]>
              </value>
            </param>
            <param index="12">
              <value>
                <![CDATA[09-Feb-2015]]>
              </value>
            </param>
            <param index="13">
              <value>
                <![CDATA[31-Oct-2023]]>
              </value>
            </param>
            <param index="14">
              <value>
                <![CDATA[YES]]>
              </value>
            </param>
            <param index="15">
              <value>
                <![CDATA[Tejaswi Ganamukala]]>
              </value>
            </param>
            <param index="16">
              <value>
                <![CDATA[]]>
              </value>
            </param>
            <param index="17">
              <value>
                <![CDATA[]]>
              </value>
            </param>
            <param index="18">
              <value>
                <![CDATA[]]>
              </value>
            </param>
            <param index="19">
              <value>
                <![CDATA[]]>
              </value>
            </param>
            <param index="20">
              <value>
                <![CDATA[Test]]>
              </value>
            </param>
            <param index="21">
              <value>
                <![CDATA[1 - Critical]]>
              </value>
            </param>
            <param index="22">
              <value>
                <![CDATA[2017-08-23]]>
              </value>
            </param>
            <param index="23">
              <value>
                <![CDATA[2017-08-26 04:50:51]]>
              </value>
            </param>
          </params>
          <reporter-output>
          </reporter-output>
        </test-method> <!-- clientData -->
        <test-method status="PASS" signature="clientData(java.lang.String, java.lang.String, java.lang.String, java.lang.String, java.lang.String, java.lang.String, java.lang.String, java.lang.String, java.lang.String, java.lang.String, java.lang.String, java.lang.String, java.lang.String, java.lang.String, java.lang.String, java.lang.String, java.lang.String, java.lang.String, java.lang.String, java.lang.String, java.lang.String, java.lang.String, java.lang.String, java.lang.String)[pri:0, instance:scripts.GCC_mainScript@1e88b3c]" name="clientData" duration-ms="1" started-at="2017-08-23T12:35:02Z" description="Client data creation" data-provider="GCC_ClientData" finished-at="2017-08-23T12:35:02Z">
          <params>
            <param index="0">
              <value>
                <![CDATA[n]]>
              </value>
            </param>
            <param index="1">
              <value>
                <![CDATA[PROCTER AND GAMBLE]]>
              </value>
            </param>
            <param index="2">
              <value>
                <![CDATA[9940137930]]>
              </value>
            </param>
            <param index="3">
              <value>
                <![CDATA[North America]]>
              </value>
            </param>
            <param index="4">
              <value>
                <![CDATA[P&G - Accenture One BPO Commercial Frame]]>
              </value>
            </param>
            <param index="5">
              <value>
                <![CDATA[Digital Marketing]]>
              </value>
            </param>
            <param index="6">
              <value>
                <![CDATA[APAC]]>
              </value>
            </param>
            <param index="7">
              <value>
                <![CDATA[India Mumbai]]>
              </value>
            </param>
            <param index="8">
              <value>
                <![CDATA[Fernando, John]]>
              </value>
            </param>
            <param index="9">
              <value>
                <![CDATA[Akalin, Emre]]>
              </value>
            </param>
            <param index="10">
              <value>
                <![CDATA[]]>
              </value>
            </param>
            <param index="11">
              <value>
                <![CDATA[Fernando, John]]>
              </value>
            </param>
            <param index="12">
              <value>
                <![CDATA[01-Feb-2012]]>
              </value>
            </param>
            <param index="13">
              <value>
                <![CDATA[28-Feb-2020]]>
              </value>
            </param>
            <param index="14">
              <value>
                <![CDATA[NO]]>
              </value>
            </param>
            <param index="15">
              <value>
                <![CDATA[Tejaswi Ganamukala]]>
              </value>
            </param>
            <param index="16">
              <value>
                <![CDATA[]]>
              </value>
            </param>
            <param index="17">
              <value>
                <![CDATA[]]>
              </value>
            </param>
            <param index="18">
              <value>
                <![CDATA[]]>
              </value>
            </param>
            <param index="19">
              <value>
                <![CDATA[]]>
              </value>
            </param>
            <param index="20">
              <value>
                <![CDATA[Test]]>
              </value>
            </param>
            <param index="21">
              <value>
                <![CDATA[2 - High]]>
              </value>
            </param>
            <param index="22">
              <value>
                <![CDATA[2017-08-23]]>
              </value>
            </param>
            <param index="23">
              <value>
                <![CDATA[2017-08-26 04:50:51]]>
              </value>
            </param>
          </params>
          <reporter-output>
          </reporter-output>
        </test-method> <!-- clientData -->
        <test-method status="PASS" signature="clientData(java.lang.String, java.lang.String, java.lang.String, java.lang.String, java.lang.String, java.lang.String, java.lang.String, java.lang.String, java.lang.String, java.lang.String, java.lang.String, java.lang.String, java.lang.String, java.lang.String, java.lang.String, java.lang.String, java.lang.String, java.lang.String, java.lang.String, java.lang.String, java.lang.String, java.lang.String, java.lang.String, java.lang.String)[pri:0, instance:scripts.GCC_mainScript@1e88b3c]" name="clientData" duration-ms="3" started-at="2017-08-23T12:35:02Z" description="Client data creation" data-provider="GCC_ClientData" finished-at="2017-08-23T12:35:02Z">
          <params>
            <param index="0">
              <value>
                <![CDATA[n]]>
              </value>
            </param>
            <param index="1">
              <value>
                <![CDATA[PROCTER AND GAMBLE]]>
              </value>
            </param>
            <param index="2">
              <value>
                <![CDATA[9940194850]]>
              </value>
            </param>
            <param index="3">
              <value>
                <![CDATA[North America]]>
              </value>
            </param>
            <param index="4">
              <value>
                <![CDATA[P&G Duracell]]>
              </value>
            </param>
            <param index="5">
              <value>
                <![CDATA[Sourcing and Procurement]]>
              </value>
            </param>
            <param index="6">
              <value>
                <![CDATA[North America]]>
              </value>
            </param>
            <param index="7">
              <value>
                <![CDATA[Costa Rica]]>
              </value>
            </param>
            <param index="8">
              <value>
                <![CDATA[Díaz, Alberto]]>
              </value>
            </param>
            <param index="9">
              <value>
                <![CDATA[Winters, Julie H.]]>
              </value>
            </param>
            <param index="10">
              <value>
                <![CDATA[]]>
              </value>
            </param>
            <param index="11">
              <value>
                <![CDATA[Hegde, Nagachanda J.]]>
              </value>
            </param>
            <param index="12">
              <value>
                <![CDATA[18-May-2015]]>
              </value>
            </param>
            <param index="13">
              <value>
                <![CDATA[31-Dec-2018]]>
              </value>
            </param>
            <param index="14">
              <value>
                <![CDATA[NO]]>
              </value>
            </param>
            <param index="15">
              <value>
                <![CDATA[Tejaswi Ganamukala]]>
              </value>
            </param>
            <param index="16">
              <value>
                <![CDATA[]]>
              </value>
            </param>
            <param index="17">
              <value>
                <![CDATA[]]>
              </value>
            </param>
            <param index="18">
              <value>
                <![CDATA[]]>
              </value>
            </param>
            <param index="19">
              <value>
                <![CDATA[]]>
              </value>
            </param>
            <param index="20">
              <value>
                <![CDATA[Test]]>
              </value>
            </param>
            <param index="21">
              <value>
                <![CDATA[2 - High]]>
              </value>
            </param>
            <param index="22">
              <value>
                <![CDATA[2017-08-23]]>
              </value>
            </param>
            <param index="23">
              <value>
                <![CDATA[2017-08-26 04:50:51]]>
              </value>
            </param>
          </params>
          <reporter-output>
          </reporter-output>
        </test-method> <!-- clientData -->
        <test-method status="PASS" signature="clientData(java.lang.String, java.lang.String, java.lang.String, java.lang.String, java.lang.String, java.lang.String, java.lang.String, java.lang.String, java.lang.String, java.lang.String, java.lang.String, java.lang.String, java.lang.String, java.lang.String, java.lang.String, java.lang.String, java.lang.String, java.lang.String, java.lang.String, java.lang.String, java.lang.String, java.lang.String, java.lang.String, java.lang.String)[pri:0, instance:scripts.GCC_mainScript@1e88b3c]" name="clientData" duration-ms="1" started-at="2017-08-23T12:35:02Z" description="Client data creation" data-provider="GCC_ClientData" finished-at="2017-08-23T12:35:02Z">
          <params>
            <param index="0">
              <value>
                <![CDATA[n]]>
              </value>
            </param>
            <param index="1">
              <value>
                <![CDATA[VATTENFALL]]>
              </value>
            </param>
            <param index="2">
              <value>
                <![CDATA[9940216892]]>
              </value>
            </param>
            <param index="3">
              <value>
                <![CDATA[EALA]]>
              </value>
            </param>
            <param index="4">
              <value>
                <![CDATA[BPO Customer Operations]]>
              </value>
            </param>
            <param index="5">
              <value>
                <![CDATA[Utilities]]>
              </value>
            </param>
            <param index="6">
              <value>
                <![CDATA[APAC]]>
              </value>
            </param>
            <param index="7">
              <value>
                <![CDATA[Philippines]]>
              </value>
            </param>
            <param index="8">
              <value>
                <![CDATA[Bedaña, Dova Teresa C.]]>
              </value>
            </param>
            <param index="9">
              <value>
                <![CDATA[Stoelenga, Peter]]>
              </value>
            </param>
            <param index="10">
              <value>
                <![CDATA[]]>
              </value>
            </param>
            <param index="11">
              <value>
                <![CDATA[Stoelenga, Peter]]>
              </value>
            </param>
            <param index="12">
              <value>
                <![CDATA[01-Apr-2016]]>
              </value>
            </param>
            <param index="13">
              <value>
                <![CDATA[31-Dec-2017]]>
              </value>
            </param>
            <param index="14">
              <value>
                <![CDATA[NO]]>
              </value>
            </param>
            <param index="15">
              <value>
                <![CDATA[Tejaswi Ganamukala]]>
              </value>
            </param>
            <param index="16">
              <value>
                <![CDATA[]]>
              </value>
            </param>
            <param index="17">
              <value>
                <![CDATA[]]>
              </value>
            </param>
            <param index="18">
              <value>
                <![CDATA[]]>
              </value>
            </param>
            <param index="19">
              <value>
                <![CDATA[]]>
              </value>
            </param>
            <param index="20">
              <value>
                <![CDATA[Test]]>
              </value>
            </param>
            <param index="21">
              <value>
                <![CDATA[2 - High]]>
              </value>
            </param>
            <param index="22">
              <value>
                <![CDATA[2017-08-23]]>
              </value>
            </param>
            <param index="23">
              <value>
                <![CDATA[2017-08-26 04:50:51]]>
              </value>
            </param>
          </params>
          <reporter-output>
          </reporter-output>
        </test-method> <!-- clientData -->
      </class> <!-- scripts.GCC_mainScript -->
    </test> <!-- Default test -->
  </suite> <!-- Default suite -->
</testng-results>
