<?xml version="1.0" encoding="UTF-8"?>
<!-- Generated by org.testng.reporters.JUnitXMLReporter -->
<testsuite hostname="BDC4B-D-6GGHXH2" name="Default test" tests="74" failures="0" timestamp="23 Aug 2017 12:49:04 GMT" time="152.698" errors="0">
  <testcase name="mainScript" time="44.142" classname="scripts.GCC_mainScript"/>
  <testcase name="mainScript" time="0.001" classname="scripts.GCC_mainScript"/>
  <testcase name="mainScript" time="0.0" classname="scripts.GCC_mainScript"/>
  <testcase name="mainScript" time="0.0" classname="scripts.GCC_mainScript"/>
  <testcase name="mainScript" time="0.0" classname="scripts.GCC_mainScript"/>
  <testcase name="mainScript" time="0.0" classname="scripts.GCC_mainScript"/>
  <testcase name="clientDataConfiguration" time="0.016" classname="scripts.GCC_mainScript"/>
  <testcase name="clientDataConfiguration" time="0.0" classname="scripts.GCC_mainScript"/>
  <testcase name="clientDataConfiguration" time="0.0" classname="scripts.GCC_mainScript"/>
  <testcase name="clientDataConfiguration" time="0.0" classname="scripts.GCC_mainScript"/>
  <testcase name="clientDataConfiguration" time="0.0" classname="scripts.GCC_mainScript"/>
  <testcase name="clientDataConfiguration" time="0.0" classname="scripts.GCC_mainScript"/>
  <testcase name="clientDataConfiguration" time="0.0" classname="scripts.GCC_mainScript"/>
  <testcase name="clientDataConfiguration" time="0.0" classname="scripts.GCC_mainScript"/>
  <testcase name="clientDataConfiguration" time="0.0" classname="scripts.GCC_mainScript"/>
  <testcase name="clientDataConfiguration" time="0.0" classname="scripts.GCC_mainScript"/>
  <testcase name="clientDataConfiguration" time="0.0" classname="scripts.GCC_mainScript"/>
  <testcase name="clientData" time="0.0" classname="scripts.GCC_mainScript"/>
  <testcase name="clientData" time="0.018" classname="scripts.GCC_mainScript"/>
  <testcase name="clientData" time="0.0" classname="scripts.GCC_mainScript"/>
  <testcase name="clientData" time="54.638" classname="scripts.GCC_mainScript"/>
  <testcase name="clientData" time="0.003" classname="scripts.GCC_mainScript"/>
  <testcase name="clientData" time="0.0" classname="scripts.GCC_mainScript"/>
  <testcase name="clientData" time="0.0" classname="scripts.GCC_mainScript"/>
  <testcase name="clientData" time="0.0" classname="scripts.GCC_mainScript"/>
  <testcase name="clientData" time="0.016" classname="scripts.GCC_mainScript"/>
  <testcase name="clientData" time="0.0" classname="scripts.GCC_mainScript"/>
  <testcase name="clientData" time="0.0" classname="scripts.GCC_mainScript"/>
  <testcase name="clientData" time="0.0" classname="scripts.GCC_mainScript"/>
  <testcase name="clientData" time="0.016" classname="scripts.GCC_mainScript"/>
  <testcase name="clientData" time="0.0" classname="scripts.GCC_mainScript"/>
  <testcase name="clientData" time="0.0" classname="scripts.GCC_mainScript"/>
  <testcase name="clientData" time="0.0" classname="scripts.GCC_mainScript"/>
  <testcase name="clientData" time="0.0" classname="scripts.GCC_mainScript"/>
  <testcase name="clientData" time="0.0" classname="scripts.GCC_mainScript"/>
  <testcase name="clientData" time="0.0" classname="scripts.GCC_mainScript"/>
  <testcase name="clientData" time="0.016" classname="scripts.GCC_mainScript"/>
  <testcase name="clientData" time="0.0" classname="scripts.GCC_mainScript"/>
  <testcase name="clientData" time="0.0" classname="scripts.GCC_mainScript"/>
  <testcase name="clientData" time="0.0" classname="scripts.GCC_mainScript"/>
  <testcase name="clientData" time="0.0" classname="scripts.GCC_mainScript"/>
  <testcase name="clientData" time="0.0" classname="scripts.GCC_mainScript"/>
  <testcase name="clientData" time="0.0" classname="scripts.GCC_mainScript"/>
  <testcase name="clientData" time="0.001" classname="scripts.GCC_mainScript"/>
  <testcase name="mappingForHRL" time="0.0" classname="scripts.GCC_mainScript"/>
  <testcase name="mappingForHRL" time="0.0" classname="scripts.GCC_mainScript"/>
  <testcase name="mappingForHRL" time="0.0" classname="scripts.GCC_mainScript"/>
  <testcase name="mappingForHRL" time="0.0" classname="scripts.GCC_mainScript"/>
  <testcase name="mappingForHRL" time="0.0" classname="scripts.GCC_mainScript"/>
  <testcase name="mappingForHRL" time="0.0" classname="scripts.GCC_mainScript"/>
  <testcase name="mappingForHRL" time="0.0" classname="scripts.GCC_mainScript"/>
  <testcase name="mappingForHRL" time="0.0" classname="scripts.GCC_mainScript"/>
  <testcase name="mappingForHRL" time="0.0" classname="scripts.GCC_mainScript"/>
  <testcase name="mappingForHRL" time="0.0" classname="scripts.GCC_mainScript"/>
  <testcase name="mappingForHRL" time="0.0" classname="scripts.GCC_mainScript"/>
  <testcase name="mappingForHRL" time="0.015" classname="scripts.GCC_mainScript"/>
  <testcase name="mappingForHRL" time="0.0" classname="scripts.GCC_mainScript"/>
  <testcase name="mappingForHRL" time="0.016" classname="scripts.GCC_mainScript"/>
  <testcase name="mappingForHRL" time="0.002" classname="scripts.GCC_mainScript"/>
  <testcase name="mappingForHRL" time="0.005" classname="scripts.GCC_mainScript"/>
  <testcase name="mappingForHRL" time="0.002" classname="scripts.GCC_mainScript"/>
  <testcase name="mappingForFA" time="0.001" classname="scripts.GCC_mainScript"/>
  <testcase name="mappingForFA" time="0.004" classname="scripts.GCC_mainScript"/>
  <testcase name="mappingForFA" time="0.002" classname="scripts.GCC_mainScript"/>
  <testcase name="mappingForFA" time="0.003" classname="scripts.GCC_mainScript"/>
  <testcase name="mappingForFA" time="0.002" classname="scripts.GCC_mainScript"/>
  <testcase name="mappingForFA" time="0.003" classname="scripts.GCC_mainScript"/>
  <testcase name="mappingForFA" time="0.001" classname="scripts.GCC_mainScript"/>
  <testcase name="mappingForFA" time="0.001" classname="scripts.GCC_mainScript"/>
  <testcase name="mappingForFA" time="0.007" classname="scripts.GCC_mainScript"/>
  <testcase name="mappingForFA" time="0.0" classname="scripts.GCC_mainScript"/>
  <testcase name="mappingForFA" time="0.002" classname="scripts.GCC_mainScript"/>
  <testcase name="mappingForFA" time="0.001" classname="scripts.GCC_mainScript"/>
  <testcase name="mappingForFA" time="52.286" classname="scripts.GCC_mainScript"/>
</testsuite> <!-- Default test -->
