<?xml version="1.0" encoding="UTF-8"?>
<testng-results skipped="0" failed="0" total="74" passed="74">
  <reporter-output>
    <line>
      <![CDATA[<table width= 100% ; border = 1.5; rules =rows ><tbody><tr><td> <font style=\width:130px;text-align:left;color:black;font-size:12px;font-family:verdana;\><strong>Info</strong></td><td> <font style=\width:130px;text-align:left;color:black;font-size:12px;font-family:verdana;\>Successfully launched the Google Chrome browser</td></tr></tbody></table>]]>
    </line>
    <line>
      <![CDATA[<table width= 100% ; border = 1.5; rules =rows ><tbody><tr><td> <font style=\width:130px;text-align:left;color:green;font-size:12px;font-family:verdana;\><strong>Pass</strong></td><td> <font style=\width:130px;text-align:left;color:black;font-size:12px;font-family:verdana;\>Successfully navigated to ServiceNow Home page</td></tr><tr><td colspan=2><table width= 100% ;rules =rows ><tbody><tr><td> <font style=\width:130px;text-align:left;color:black;font-size:12px;font-family:verdana;\><strong>Screenshot</strong></td><td> <font style=\width:130px;text-align:left;color:black;font-size:12px;font-family:verdana;\><strong><a href="C:\Users\somnath.bhunia\workspace3\SN_GCC/\Screenshot\08-23-2017_18-05.png"><img src="file:///C:\Users\somnath.bhunia\workspace3\SN_GCC/\Screenshot\08-23-2017_18-05.png" alt=""height='300' width='300' border =1/> <br /></strong></td></tr></tbody></table></td></tr></tbody></table>]]>
    </line>
    <line>
      <![CDATA[<table width= 100% ; border = 1.5; rules =rows ><tbody><tr><td> <font style=\width:130px;text-align:left;color:black;font-size:12px;font-family:verdana;\><strong>Info</strong></td><td> <font style=\width:130px;text-align:left;color:black;font-size:12px;font-family:verdana;\>The INCIDENT number is = INC0001266</td></tr></tbody></table>]]>
    </line>
    <line>
      <![CDATA[<table width= 100% ; border = 1.5; rules =rows ><tbody><tr><td> <font style=\width:130px;text-align:left;color:Green;font-size:12px;font-family:verdana;\><strong>Pass</strong></td><td> <font style=\width:130px;text-align:left;color:black;font-size:12px;font-family:verdana;\>Incident INC0001266 has been created for client - BEST BUY, INC.</td></tr></tbody></table>]]>
    </line>
    <line>
      <![CDATA[<table width= 100% ; border = 1.5; rules =rows ><tbody><tr><td> <font style=\width:130px;text-align:left;color:red;font-size:12px;font-family:verdana;\><strong>Fail</strong></td><td> <font style=\width:130px;text-align:left;color:black;font-size:12px;font-family:verdana;\>One of the preventative task is not present</td></tr><tr><td colspan=2><table width= 100% ; rules =rows ><tbody><tr><td> <font style=\width:130px;text-align:left;color:black;font-size:12px;font-family:verdana;\><strong>Screenshot</strong></td><td> <font style=\width:130px;text-align:left;color:black;font-size:12px;font-family:verdana;\><strong><a href="C:\Users\somnath.bhunia\workspace3\SN_GCC/\Screenshot\08-23-2017_18-15.png"><img src="file:///C:\Users\somnath.bhunia\workspace3\SN_GCC/\Screenshot\08-23-2017_18-15.png" alt=""height='300' width='300' border =1/> <br /></strong></td></tr></tbody></table></td></tr></tbody></table>]]>
    </line>
    <line>
      <![CDATA[<table width= 100% ; border = 1.5; rules =rows ><tbody><tr><td> <font style=\width:130px;text-align:left;color:red;font-size:12px;font-family:verdana;\><strong>Fail</strong></td><td> <font style=\width:130px;text-align:left;color:black;font-size:12px;font-family:verdana;\>One of the preventative task is not present</td></tr><tr><td colspan=2><table width= 100% ; rules =rows ><tbody><tr><td> <font style=\width:130px;text-align:left;color:black;font-size:12px;font-family:verdana;\><strong>Screenshot</strong></td><td> <font style=\width:130px;text-align:left;color:black;font-size:12px;font-family:verdana;\><strong><a href="C:\Users\somnath.bhunia\workspace3\SN_GCC/\Screenshot\08-23-2017_18-19.png"><img src="file:///C:\Users\somnath.bhunia\workspace3\SN_GCC/\Screenshot\08-23-2017_18-19.png" alt=""height='300' width='300' border =1/> <br /></strong></td></tr></tbody></table></td></tr></tbody></table>]]>
    </line>
    <line>
      <![CDATA[<table width= 100% ; border = 1.5; rules =rows ><tbody><tr><td> <font style=\width:130px;text-align:left;color:red;font-size:12px;font-family:verdana;\><strong>Fail</strong></td><td> <font style=\width:130px;text-align:left;color:black;font-size:12px;font-family:verdana;\>One of the preventative task is not present</td></tr><tr><td colspan=2><table width= 100% ; rules =rows ><tbody><tr><td> <font style=\width:130px;text-align:left;color:black;font-size:12px;font-family:verdana;\><strong>Screenshot</strong></td><td> <font style=\width:130px;text-align:left;color:black;font-size:12px;font-family:verdana;\><strong><a href="C:\Users\somnath.bhunia\workspace3\SN_GCC/\Screenshot\08-23-2017_18-23.png"><img src="file:///C:\Users\somnath.bhunia\workspace3\SN_GCC/\Screenshot\08-23-2017_18-23.png" alt=""height='300' width='300' border =1/> <br /></strong></td></tr></tbody></table></td></tr></tbody></table>]]>
    </line>
    <line>
      <![CDATA[<table width= 100% ; border = 1.5; rules =rows ><tbody><tr><td> <font style=\width:130px;text-align:left;color:red;font-size:12px;font-family:verdana;\><strong>Fail</strong></td><td> <font style=\width:130px;text-align:left;color:black;font-size:12px;font-family:verdana;\>One of the preventative task is not present</td></tr><tr><td colspan=2><table width= 100% ; rules =rows ><tbody><tr><td> <font style=\width:130px;text-align:left;color:black;font-size:12px;font-family:verdana;\><strong>Screenshot</strong></td><td> <font style=\width:130px;text-align:left;color:black;font-size:12px;font-family:verdana;\><strong><a href="C:\Users\somnath.bhunia\workspace3\SN_GCC/\Screenshot\08-23-2017_18-26.png"><img src="file:///C:\Users\somnath.bhunia\workspace3\SN_GCC/\Screenshot\08-23-2017_18-26.png" alt=""height='300' width='300' border =1/> <br /></strong></td></tr></tbody></table></td></tr></tbody></table>]]>
    </line>
    <line>
      <![CDATA[<table width= 100% ; border = 1.5; rules =rows ><tbody><tr><td> <font style=\width:130px;text-align:left;color:red;font-size:12px;font-family:verdana;\><strong>Fail</strong></td><td> <font style=\width:130px;text-align:left;color:black;font-size:12px;font-family:verdana;\>One of the preventative task is not present</td></tr><tr><td colspan=2><table width= 100% ; rules =rows ><tbody><tr><td> <font style=\width:130px;text-align:left;color:black;font-size:12px;font-family:verdana;\><strong>Screenshot</strong></td><td> <font style=\width:130px;text-align:left;color:black;font-size:12px;font-family:verdana;\><strong><a href="C:\Users\somnath.bhunia\workspace3\SN_GCC/\Screenshot\08-23-2017_18-30.png"><img src="file:///C:\Users\somnath.bhunia\workspace3\SN_GCC/\Screenshot\08-23-2017_18-30.png" alt=""height='300' width='300' border =1/> <br /></strong></td></tr></tbody></table></td></tr></tbody></table>]]>
    </line>
    <line>
      <![CDATA[<table width= 100% ; border = 1.5; rules =rows ><tbody><tr><td> <font style=\width:130px;text-align:left;color:red;font-size:12px;font-family:verdana;\><strong>Fail</strong></td><td> <font style=\width:130px;text-align:left;color:black;font-size:12px;font-family:verdana;\>One of the preventative task is not present</td></tr><tr><td colspan=2><table width= 100% ; rules =rows ><tbody><tr><td> <font style=\width:130px;text-align:left;color:black;font-size:12px;font-family:verdana;\><strong>Screenshot</strong></td><td> <font style=\width:130px;text-align:left;color:black;font-size:12px;font-family:verdana;\><strong><a href="C:\Users\somnath.bhunia\workspace3\SN_GCC/\Screenshot\08-23-2017_18-33.png"><img src="file:///C:\Users\somnath.bhunia\workspace3\SN_GCC/\Screenshot\08-23-2017_18-33.png" alt=""height='300' width='300' border =1/> <br /></strong></td></tr></tbody></table></td></tr></tbody></table>]]>
    </line>
    <line>
      <![CDATA[<table width= 100% ; border = 1.5; rules =rows ><tbody><tr><td> <font style=\width:130px;text-align:left;color:red;font-size:12px;font-family:verdana;\><strong>Fail</strong></td><td> <font style=\width:130px;text-align:left;color:black;font-size:12px;font-family:verdana;\>One of the preventative task is not present</td></tr><tr><td colspan=2><table width= 100% ; rules =rows ><tbody><tr><td> <font style=\width:130px;text-align:left;color:black;font-size:12px;font-family:verdana;\><strong>Screenshot</strong></td><td> <font style=\width:130px;text-align:left;color:black;font-size:12px;font-family:verdana;\><strong><a href="C:\Users\somnath.bhunia\workspace3\SN_GCC/\Screenshot\08-23-2017_18-37.png"><img src="file:///C:\Users\somnath.bhunia\workspace3\SN_GCC/\Screenshot\08-23-2017_18-37.png" alt=""height='300' width='300' border =1/> <br /></strong></td></tr></tbody></table></td></tr></tbody></table>]]>
    </line>
    <line>
      <![CDATA[<table width= 100% ; border = 1.5; rules =rows ><tbody><tr><td> <font style=\width:130px;text-align:left;color:red;font-size:12px;font-family:verdana;\><strong>Fail</strong></td><td> <font style=\width:130px;text-align:left;color:black;font-size:12px;font-family:verdana;\>One of the corrective task is not present</td></tr><tr><td colspan=2><table width= 100% ; rules =rows ><tbody><tr><td> <font style=\width:130px;text-align:left;color:black;font-size:12px;font-family:verdana;\><strong>Screenshot</strong></td><td> <font style=\width:130px;text-align:left;color:black;font-size:12px;font-family:verdana;\><strong><a href="C:\Users\somnath.bhunia\workspace3\SN_GCC/\Screenshot\08-23-2017_18-40.png"><img src="file:///C:\Users\somnath.bhunia\workspace3\SN_GCC/\Screenshot\08-23-2017_18-40.png" alt=""height='300' width='300' border =1/> <br /></strong></td></tr></tbody></table></td></tr></tbody></table>]]>
    </line>
    <line>
      <![CDATA[<table width= 100% ; border = 1.5; rules =rows ><tbody><tr><td> <font style=\width:130px;text-align:left;color:red;font-size:12px;font-family:verdana;\><strong>Fail</strong></td><td> <font style=\width:130px;text-align:left;color:black;font-size:12px;font-family:verdana;\>One of the corrective task is not present</td></tr><tr><td colspan=2><table width= 100% ; rules =rows ><tbody><tr><td> <font style=\width:130px;text-align:left;color:black;font-size:12px;font-family:verdana;\><strong>Screenshot</strong></td><td> <font style=\width:130px;text-align:left;color:black;font-size:12px;font-family:verdana;\><strong><a href="C:\Users\somnath.bhunia\workspace3\SN_GCC/\Screenshot\08-23-2017_18-44.png"><img src="file:///C:\Users\somnath.bhunia\workspace3\SN_GCC/\Screenshot\08-23-2017_18-44.png" alt=""height='300' width='300' border =1/> <br /></strong></td></tr></tbody></table></td></tr></tbody></table>]]>
    </line>
    <line>
      <![CDATA[<table width= 100% ; border = 1.5; rules =rows ><tbody><tr><td> <font style=\width:130px;text-align:left;color:red;font-size:12px;font-family:verdana;\><strong>Fail</strong></td><td> <font style=\width:130px;text-align:left;color:black;font-size:12px;font-family:verdana;\>One of the corrective task is not present</td></tr><tr><td colspan=2><table width= 100% ; rules =rows ><tbody><tr><td> <font style=\width:130px;text-align:left;color:black;font-size:12px;font-family:verdana;\><strong>Screenshot</strong></td><td> <font style=\width:130px;text-align:left;color:black;font-size:12px;font-family:verdana;\><strong><a href="C:\Users\somnath.bhunia\workspace3\SN_GCC/\Screenshot\08-23-2017_18-48.png"><img src="file:///C:\Users\somnath.bhunia\workspace3\SN_GCC/\Screenshot\08-23-2017_18-48.png" alt=""height='300' width='300' border =1/> <br /></strong></td></tr></tbody></table></td></tr></tbody></table>]]>
    </line>
    <line>
      <![CDATA[<table width= 100% ; border = 1.5; rules =rows ><tbody><tr><td> <font style=\width:130px;text-align:left;color:red;font-size:12px;font-family:verdana;\><strong>Fail</strong></td><td> <font style=\width:130px;text-align:left;color:black;font-size:12px;font-family:verdana;\>One of the corrective task is not present</td></tr><tr><td colspan=2><table width= 100% ; rules =rows ><tbody><tr><td> <font style=\width:130px;text-align:left;color:black;font-size:12px;font-family:verdana;\><strong>Screenshot</strong></td><td> <font style=\width:130px;text-align:left;color:black;font-size:12px;font-family:verdana;\><strong><a href="C:\Users\somnath.bhunia\workspace3\SN_GCC/\Screenshot\08-23-2017_18-51.png"><img src="file:///C:\Users\somnath.bhunia\workspace3\SN_GCC/\Screenshot\08-23-2017_18-51.png" alt=""height='300' width='300' border =1/> <br /></strong></td></tr></tbody></table></td></tr></tbody></table>]]>
    </line>
    <line>
      <![CDATA[<table width= 100% ; border = 1.5; rules =rows ><tbody><tr><td> <font style=\width:130px;text-align:left;color:red;font-size:12px;font-family:verdana;\><strong>Fail</strong></td><td> <font style=\width:130px;text-align:left;color:black;font-size:12px;font-family:verdana;\>One of the corrective task is not present</td></tr><tr><td colspan=2><table width= 100% ; rules =rows ><tbody><tr><td> <font style=\width:130px;text-align:left;color:black;font-size:12px;font-family:verdana;\><strong>Screenshot</strong></td><td> <font style=\width:130px;text-align:left;color:black;font-size:12px;font-family:verdana;\><strong><a href="C:\Users\somnath.bhunia\workspace3\SN_GCC/\Screenshot\08-23-2017_18-55.png"><img src="file:///C:\Users\somnath.bhunia\workspace3\SN_GCC/\Screenshot\08-23-2017_18-55.png" alt=""height='300' width='300' border =1/> <br /></strong></td></tr></tbody></table></td></tr></tbody></table>]]>
    </line>
    <line>
      <![CDATA[<table width= 100% ; border = 1.5; rules =rows ><tbody><tr><td> <font style=\width:130px;text-align:left;color:red;font-size:12px;font-family:verdana;\><strong>Fail</strong></td><td> <font style=\width:130px;text-align:left;color:black;font-size:12px;font-family:verdana;\>One of the corrective task is not present</td></tr><tr><td colspan=2><table width= 100% ; rules =rows ><tbody><tr><td> <font style=\width:130px;text-align:left;color:black;font-size:12px;font-family:verdana;\><strong>Screenshot</strong></td><td> <font style=\width:130px;text-align:left;color:black;font-size:12px;font-family:verdana;\><strong><a href="C:\Users\somnath.bhunia\workspace3\SN_GCC/\Screenshot\08-23-2017_18-59.png"><img src="file:///C:\Users\somnath.bhunia\workspace3\SN_GCC/\Screenshot\08-23-2017_18-59.png" alt=""height='300' width='300' border =1/> <br /></strong></td></tr></tbody></table></td></tr></tbody></table>]]>
    </line>
  </reporter-output>
  <suite name="Default suite" duration-ms="152698" started-at="2017-08-23T12:46:32Z" finished-at="2017-08-23T12:49:04Z">
    <groups>
    </groups>
    <test name="Default test" duration-ms="152698" started-at="2017-08-23T12:46:32Z" finished-at="2017-08-23T12:49:04Z">
      <class name="scripts.GCC_mainScript">
        <test-method status="PASS" signature="mainScript(java.lang.String, java.lang.String, java.lang.String, java.lang.String, java.lang.String, java.lang.String, java.lang.String, java.lang.String, java.lang.String, java.lang.String, java.lang.String, java.lang.String, java.lang.String, java.lang.String, java.lang.String, java.lang.String, java.lang.String, java.lang.String, java.lang.String, java.lang.String, java.lang.String, java.lang.String, java.lang.String, java.lang.String, java.lang.String, java.lang.String, java.lang.String, java.lang.String, java.lang.String)[pri:0, instance:scripts.GCC_mainScript@27efef64]" name="mainScript" duration-ms="44142" started-at="2017-08-23T18:16:32Z" description="Main script" data-provider="WQM_config" finished-at="2017-08-23T18:17:17Z">
          <params>
            <param index="0">
              <value>
                <![CDATA[y]]>
              </value>
            </param>
            <param index="1">
              <value>
                <![CDATA[Chrome]]>
              </value>
            </param>
            <param index="2">
              <value>
                <![CDATA[https://accentureplcuktest.service-now.com]]>
              </value>
            </param>
            <param index="3">
              <value>
                <![CDATA[a.f.srivastava]]>
              </value>
            </param>
            <param index="4">
              <value>
                <![CDATA[Welcome1]]>
              </value>
            </param>
            <param index="5">
              <value>
                <![CDATA[]]>
              </value>
            </param>
            <param index="6">
              <value>
                <![CDATA[Deepak Nagpal]]>
              </value>
            </param>
            <param index="7">
              <value>
                <![CDATA[India]]>
              </value>
            </param>
            <param index="8">
              <value>
                <![CDATA[test description mar 29 -3]]>
              </value>
            </param>
            <param index="9">
              <value>
                <![CDATA[TOP/Standard/BPO/Marriott]]>
              </value>
            </param>
            <param index="10">
              <value>
                <![CDATA[BEST BUY, INC.]]>
              </value>
            </param>
            <param index="11">
              <value>
                <![CDATA[Chadwick, Sondra L.]]>
              </value>
            </param>
            <param index="12">
              <value>
                <![CDATA[Demo Test]]>
              </value>
            </param>
            <param index="13">
              <value>
                <![CDATA[Chicago]]>
              </value>
            </param>
            <param index="14">
              <value>
                <![CDATA[Test]]>
              </value>
            </param>
            <param index="15">
              <value>
                <![CDATA[Test CI]]>
              </value>
            </param>
            <param index="16">
              <value>
                <![CDATA[Email]]>
              </value>
            </param>
            <param index="17">
              <value>
                <![CDATA[Demo]]>
              </value>
            </param>
            <param index="18">
              <value>
                <![CDATA[]]>
              </value>
            </param>
            <param index="19">
              <value>
                <![CDATA[01-May-2025]]>
              </value>
            </param>
            <param index="20">
              <value>
                <![CDATA[test_may-25]]>
              </value>
            </param>
            <param index="21">
              <value>
                <![CDATA[Active]]>
              </value>
            </param>
            <param index="22">
              <value>
                <![CDATA[Demo ITIL]]>
              </value>
            </param>
            <param index="23">
              <value>
                <![CDATA[Solved (Work Around)]]>
              </value>
            </param>
            <param index="24">
              <value>
                <![CDATA[incidentReport_may25]]>
              </value>
            </param>
            <param index="25">
              <value>
                <![CDATA[Report source]]>
              </value>
            </param>
            <param index="26">
              <value>
                <![CDATA[Column]]>
              </value>
            </param>
            <param index="27">
              <value>
                <![CDATA[Approval group]]>
              </value>
            </param>
            <param index="28">
              <value>
                <![CDATA[Demo Res Cat]]>
              </value>
            </param>
          </params>
          <reporter-output>
            <line>
              <![CDATA[<table width= 100% ; border = 1.5; rules =rows ><tbody><tr><td> <font style=\width:130px;text-align:left;color:black;font-size:12px;font-family:verdana;\><strong>Info</strong></td><td> <font style=\width:130px;text-align:left;color:black;font-size:12px;font-family:verdana;\>Successfully launched the Google Chrome browser</td></tr></tbody></table>]]>
            </line>
            <line>
              <![CDATA[<table width= 100% ; border = 1.5; rules =rows ><tbody><tr><td> <font style=\width:130px;text-align:left;color:green;font-size:12px;font-family:verdana;\><strong>Pass</strong></td><td> <font style=\width:130px;text-align:left;color:black;font-size:12px;font-family:verdana;\>Successfully navigated to ServiceNow Home page</td></tr><tr><td colspan=2><table width= 100% ;rules =rows ><tbody><tr><td> <font style=\width:130px;text-align:left;color:black;font-size:12px;font-family:verdana;\><strong>Screenshot</strong></td><td> <font style=\width:130px;text-align:left;color:black;font-size:12px;font-family:verdana;\><strong><a href="C:\Users\somnath.bhunia\workspace3\SN_GCC/\Screenshot\08-23-2017_18-05.png"><img src="file:///C:\Users\somnath.bhunia\workspace3\SN_GCC/\Screenshot\08-23-2017_18-05.png" alt=""height='300' width='300' border =1/> <br /></strong></td></tr></tbody></table></td></tr></tbody></table>]]>
            </line>
          </reporter-output>
        </test-method> <!-- mainScript -->
        <test-method status="PASS" signature="mainScript(java.lang.String, java.lang.String, java.lang.String, java.lang.String, java.lang.String, java.lang.String, java.lang.String, java.lang.String, java.lang.String, java.lang.String, java.lang.String, java.lang.String, java.lang.String, java.lang.String, java.lang.String, java.lang.String, java.lang.String, java.lang.String, java.lang.String, java.lang.String, java.lang.String, java.lang.String, java.lang.String, java.lang.String, java.lang.String, java.lang.String, java.lang.String, java.lang.String, java.lang.String)[pri:0, instance:scripts.GCC_mainScript@27efef64]" name="mainScript" duration-ms="1" started-at="2017-08-23T18:17:17Z" description="Main script" data-provider="WQM_config" finished-at="2017-08-23T18:17:17Z">
          <params>
            <param index="0">
              <value>
                <![CDATA[]]>
              </value>
            </param>
            <param index="1">
              <value>
                <![CDATA[]]>
              </value>
            </param>
            <param index="2">
              <value>
                <![CDATA[]]>
              </value>
            </param>
            <param index="3">
              <value>
                <![CDATA[]]>
              </value>
            </param>
            <param index="4">
              <value>
                <![CDATA[]]>
              </value>
            </param>
            <param index="5">
              <value>
                <![CDATA[]]>
              </value>
            </param>
            <param index="6">
              <value>
                <![CDATA[]]>
              </value>
            </param>
            <param index="7">
              <value>
                <![CDATA[]]>
              </value>
            </param>
            <param index="8">
              <value>
                <![CDATA[]]>
              </value>
            </param>
            <param index="9">
              <value>
                <![CDATA[]]>
              </value>
            </param>
            <param index="10">
              <value>
                <![CDATA[]]>
              </value>
            </param>
            <param index="11">
              <value>
                <![CDATA[]]>
              </value>
            </param>
            <param index="12">
              <value>
                <![CDATA[]]>
              </value>
            </param>
            <param index="13">
              <value>
                <![CDATA[]]>
              </value>
            </param>
            <param index="14">
              <value>
                <![CDATA[]]>
              </value>
            </param>
            <param index="15">
              <value>
                <![CDATA[]]>
              </value>
            </param>
            <param index="16">
              <value>
                <![CDATA[]]>
              </value>
            </param>
            <param index="17">
              <value>
                <![CDATA[]]>
              </value>
            </param>
            <param index="18">
              <value>
                <![CDATA[]]>
              </value>
            </param>
            <param index="19">
              <value>
                <![CDATA[]]>
              </value>
            </param>
            <param index="20">
              <value>
                <![CDATA[]]>
              </value>
            </param>
            <param index="21">
              <value>
                <![CDATA[]]>
              </value>
            </param>
            <param index="22">
              <value>
                <![CDATA[]]>
              </value>
            </param>
            <param index="23">
              <value>
                <![CDATA[]]>
              </value>
            </param>
            <param index="24">
              <value>
                <![CDATA[]]>
              </value>
            </param>
            <param index="25">
              <value>
                <![CDATA[]]>
              </value>
            </param>
            <param index="26">
              <value>
                <![CDATA[]]>
              </value>
            </param>
            <param index="27">
              <value>
                <![CDATA[]]>
              </value>
            </param>
            <param index="28">
              <value>
                <![CDATA[]]>
              </value>
            </param>
          </params>
          <reporter-output>
          </reporter-output>
        </test-method> <!-- mainScript -->
        <test-method status="PASS" signature="mainScript(java.lang.String, java.lang.String, java.lang.String, java.lang.String, java.lang.String, java.lang.String, java.lang.String, java.lang.String, java.lang.String, java.lang.String, java.lang.String, java.lang.String, java.lang.String, java.lang.String, java.lang.String, java.lang.String, java.lang.String, java.lang.String, java.lang.String, java.lang.String, java.lang.String, java.lang.String, java.lang.String, java.lang.String, java.lang.String, java.lang.String, java.lang.String, java.lang.String, java.lang.String)[pri:0, instance:scripts.GCC_mainScript@27efef64]" name="mainScript" duration-ms="0" started-at="2017-08-23T18:17:17Z" description="Main script" data-provider="WQM_config" finished-at="2017-08-23T18:17:17Z">
          <params>
            <param index="0">
              <value>
                <![CDATA[]]>
              </value>
            </param>
            <param index="1">
              <value>
                <![CDATA[]]>
              </value>
            </param>
            <param index="2">
              <value>
                <![CDATA[]]>
              </value>
            </param>
            <param index="3">
              <value>
                <![CDATA[]]>
              </value>
            </param>
            <param index="4">
              <value>
                <![CDATA[]]>
              </value>
            </param>
            <param index="5">
              <value>
                <![CDATA[]]>
              </value>
            </param>
            <param index="6">
              <value>
                <![CDATA[]]>
              </value>
            </param>
            <param index="7">
              <value>
                <![CDATA[]]>
              </value>
            </param>
            <param index="8">
              <value>
                <![CDATA[]]>
              </value>
            </param>
            <param index="9">
              <value>
                <![CDATA[]]>
              </value>
            </param>
            <param index="10">
              <value>
                <![CDATA[]]>
              </value>
            </param>
            <param index="11">
              <value>
                <![CDATA[]]>
              </value>
            </param>
            <param index="12">
              <value>
                <![CDATA[]]>
              </value>
            </param>
            <param index="13">
              <value>
                <![CDATA[]]>
              </value>
            </param>
            <param index="14">
              <value>
                <![CDATA[]]>
              </value>
            </param>
            <param index="15">
              <value>
                <![CDATA[]]>
              </value>
            </param>
            <param index="16">
              <value>
                <![CDATA[]]>
              </value>
            </param>
            <param index="17">
              <value>
                <![CDATA[]]>
              </value>
            </param>
            <param index="18">
              <value>
                <![CDATA[]]>
              </value>
            </param>
            <param index="19">
              <value>
                <![CDATA[]]>
              </value>
            </param>
            <param index="20">
              <value>
                <![CDATA[]]>
              </value>
            </param>
            <param index="21">
              <value>
                <![CDATA[]]>
              </value>
            </param>
            <param index="22">
              <value>
                <![CDATA[]]>
              </value>
            </param>
            <param index="23">
              <value>
                <![CDATA[]]>
              </value>
            </param>
            <param index="24">
              <value>
                <![CDATA[]]>
              </value>
            </param>
            <param index="25">
              <value>
                <![CDATA[]]>
              </value>
            </param>
            <param index="26">
              <value>
                <![CDATA[]]>
              </value>
            </param>
            <param index="27">
              <value>
                <![CDATA[]]>
              </value>
            </param>
            <param index="28">
              <value>
                <![CDATA[]]>
              </value>
            </param>
          </params>
          <reporter-output>
          </reporter-output>
        </test-method> <!-- mainScript -->
        <test-method status="PASS" signature="mainScript(java.lang.String, java.lang.String, java.lang.String, java.lang.String, java.lang.String, java.lang.String, java.lang.String, java.lang.String, java.lang.String, java.lang.String, java.lang.String, java.lang.String, java.lang.String, java.lang.String, java.lang.String, java.lang.String, java.lang.String, java.lang.String, java.lang.String, java.lang.String, java.lang.String, java.lang.String, java.lang.String, java.lang.String, java.lang.String, java.lang.String, java.lang.String, java.lang.String, java.lang.String)[pri:0, instance:scripts.GCC_mainScript@27efef64]" name="mainScript" duration-ms="0" started-at="2017-08-23T18:17:17Z" description="Main script" data-provider="WQM_config" finished-at="2017-08-23T18:17:17Z">
          <params>
            <param index="0">
              <value>
                <![CDATA[]]>
              </value>
            </param>
            <param index="1">
              <value>
                <![CDATA[]]>
              </value>
            </param>
            <param index="2">
              <value>
                <![CDATA[]]>
              </value>
            </param>
            <param index="3">
              <value>
                <![CDATA[]]>
              </value>
            </param>
            <param index="4">
              <value>
                <![CDATA[]]>
              </value>
            </param>
            <param index="5">
              <value>
                <![CDATA[]]>
              </value>
            </param>
            <param index="6">
              <value>
                <![CDATA[]]>
              </value>
            </param>
            <param index="7">
              <value>
                <![CDATA[]]>
              </value>
            </param>
            <param index="8">
              <value>
                <![CDATA[]]>
              </value>
            </param>
            <param index="9">
              <value>
                <![CDATA[]]>
              </value>
            </param>
            <param index="10">
              <value>
                <![CDATA[]]>
              </value>
            </param>
            <param index="11">
              <value>
                <![CDATA[]]>
              </value>
            </param>
            <param index="12">
              <value>
                <![CDATA[]]>
              </value>
            </param>
            <param index="13">
              <value>
                <![CDATA[]]>
              </value>
            </param>
            <param index="14">
              <value>
                <![CDATA[]]>
              </value>
            </param>
            <param index="15">
              <value>
                <![CDATA[]]>
              </value>
            </param>
            <param index="16">
              <value>
                <![CDATA[]]>
              </value>
            </param>
            <param index="17">
              <value>
                <![CDATA[]]>
              </value>
            </param>
            <param index="18">
              <value>
                <![CDATA[]]>
              </value>
            </param>
            <param index="19">
              <value>
                <![CDATA[]]>
              </value>
            </param>
            <param index="20">
              <value>
                <![CDATA[]]>
              </value>
            </param>
            <param index="21">
              <value>
                <![CDATA[]]>
              </value>
            </param>
            <param index="22">
              <value>
                <![CDATA[]]>
              </value>
            </param>
            <param index="23">
              <value>
                <![CDATA[]]>
              </value>
            </param>
            <param index="24">
              <value>
                <![CDATA[]]>
              </value>
            </param>
            <param index="25">
              <value>
                <![CDATA[]]>
              </value>
            </param>
            <param index="26">
              <value>
                <![CDATA[]]>
              </value>
            </param>
            <param index="27">
              <value>
                <![CDATA[]]>
              </value>
            </param>
            <param index="28">
              <value>
                <![CDATA[]]>
              </value>
            </param>
          </params>
          <reporter-output>
          </reporter-output>
        </test-method> <!-- mainScript -->
        <test-method status="PASS" signature="mainScript(java.lang.String, java.lang.String, java.lang.String, java.lang.String, java.lang.String, java.lang.String, java.lang.String, java.lang.String, java.lang.String, java.lang.String, java.lang.String, java.lang.String, java.lang.String, java.lang.String, java.lang.String, java.lang.String, java.lang.String, java.lang.String, java.lang.String, java.lang.String, java.lang.String, java.lang.String, java.lang.String, java.lang.String, java.lang.String, java.lang.String, java.lang.String, java.lang.String, java.lang.String)[pri:0, instance:scripts.GCC_mainScript@27efef64]" name="mainScript" duration-ms="0" started-at="2017-08-23T18:17:17Z" description="Main script" data-provider="WQM_config" finished-at="2017-08-23T18:17:17Z">
          <params>
            <param index="0">
              <value>
                <![CDATA[]]>
              </value>
            </param>
            <param index="1">
              <value>
                <![CDATA[]]>
              </value>
            </param>
            <param index="2">
              <value>
                <![CDATA[]]>
              </value>
            </param>
            <param index="3">
              <value>
                <![CDATA[]]>
              </value>
            </param>
            <param index="4">
              <value>
                <![CDATA[]]>
              </value>
            </param>
            <param index="5">
              <value>
                <![CDATA[Click here to update Client data mappings ---->]]>
              </value>
            </param>
            <param index="6">
              <value>
                <![CDATA[]]>
              </value>
            </param>
            <param index="7">
              <value>
                <![CDATA[]]>
              </value>
            </param>
            <param index="8">
              <value>
                <![CDATA[]]>
              </value>
            </param>
            <param index="9">
              <value>
                <![CDATA[]]>
              </value>
            </param>
            <param index="10">
              <value>
                <![CDATA[]]>
              </value>
            </param>
            <param index="11">
              <value>
                <![CDATA[]]>
              </value>
            </param>
            <param index="12">
              <value>
                <![CDATA[]]>
              </value>
            </param>
            <param index="13">
              <value>
                <![CDATA[]]>
              </value>
            </param>
            <param index="14">
              <value>
                <![CDATA[]]>
              </value>
            </param>
            <param index="15">
              <value>
                <![CDATA[]]>
              </value>
            </param>
            <param index="16">
              <value>
                <![CDATA[]]>
              </value>
            </param>
            <param index="17">
              <value>
                <![CDATA[]]>
              </value>
            </param>
            <param index="18">
              <value>
                <![CDATA[]]>
              </value>
            </param>
            <param index="19">
              <value>
                <![CDATA[]]>
              </value>
            </param>
            <param index="20">
              <value>
                <![CDATA[]]>
              </value>
            </param>
            <param index="21">
              <value>
                <![CDATA[]]>
              </value>
            </param>
            <param index="22">
              <value>
                <![CDATA[]]>
              </value>
            </param>
            <param index="23">
              <value>
                <![CDATA[]]>
              </value>
            </param>
            <param index="24">
              <value>
                <![CDATA[]]>
              </value>
            </param>
            <param index="25">
              <value>
                <![CDATA[]]>
              </value>
            </param>
            <param index="26">
              <value>
                <![CDATA[]]>
              </value>
            </param>
            <param index="27">
              <value>
                <![CDATA[]]>
              </value>
            </param>
            <param index="28">
              <value>
                <![CDATA[]]>
              </value>
            </param>
          </params>
          <reporter-output>
          </reporter-output>
        </test-method> <!-- mainScript -->
        <test-method status="PASS" signature="mainScript(java.lang.String, java.lang.String, java.lang.String, java.lang.String, java.lang.String, java.lang.String, java.lang.String, java.lang.String, java.lang.String, java.lang.String, java.lang.String, java.lang.String, java.lang.String, java.lang.String, java.lang.String, java.lang.String, java.lang.String, java.lang.String, java.lang.String, java.lang.String, java.lang.String, java.lang.String, java.lang.String, java.lang.String, java.lang.String, java.lang.String, java.lang.String, java.lang.String, java.lang.String)[pri:0, instance:scripts.GCC_mainScript@27efef64]" name="mainScript" duration-ms="0" started-at="2017-08-23T18:17:17Z" description="Main script" data-provider="WQM_config" finished-at="2017-08-23T18:17:17Z">
          <params>
            <param index="0">
              <value>
                <![CDATA[]]>
              </value>
            </param>
            <param index="1">
              <value>
                <![CDATA[]]>
              </value>
            </param>
            <param index="2">
              <value>
                <![CDATA[]]>
              </value>
            </param>
            <param index="3">
              <value>
                <![CDATA[]]>
              </value>
            </param>
            <param index="4">
              <value>
                <![CDATA[]]>
              </value>
            </param>
            <param index="5">
              <value>
                <![CDATA[]]>
              </value>
            </param>
            <param index="6">
              <value>
                <![CDATA[]]>
              </value>
            </param>
            <param index="7">
              <value>
                <![CDATA[]]>
              </value>
            </param>
            <param index="8">
              <value>
                <![CDATA[]]>
              </value>
            </param>
            <param index="9">
              <value>
                <![CDATA[]]>
              </value>
            </param>
            <param index="10">
              <value>
                <![CDATA[]]>
              </value>
            </param>
            <param index="11">
              <value>
                <![CDATA[]]>
              </value>
            </param>
            <param index="12">
              <value>
                <![CDATA[]]>
              </value>
            </param>
            <param index="13">
              <value>
                <![CDATA[]]>
              </value>
            </param>
            <param index="14">
              <value>
                <![CDATA[]]>
              </value>
            </param>
            <param index="15">
              <value>
                <![CDATA[]]>
              </value>
            </param>
            <param index="16">
              <value>
                <![CDATA[]]>
              </value>
            </param>
            <param index="17">
              <value>
                <![CDATA[]]>
              </value>
            </param>
            <param index="18">
              <value>
                <![CDATA[]]>
              </value>
            </param>
            <param index="19">
              <value>
                <![CDATA[]]>
              </value>
            </param>
            <param index="20">
              <value>
                <![CDATA[]]>
              </value>
            </param>
            <param index="21">
              <value>
                <![CDATA[]]>
              </value>
            </param>
            <param index="22">
              <value>
                <![CDATA[]]>
              </value>
            </param>
            <param index="23">
              <value>
                <![CDATA[]]>
              </value>
            </param>
            <param index="24">
              <value>
                <![CDATA[]]>
              </value>
            </param>
            <param index="25">
              <value>
                <![CDATA[]]>
              </value>
            </param>
            <param index="26">
              <value>
                <![CDATA[]]>
              </value>
            </param>
            <param index="27">
              <value>
                <![CDATA[]]>
              </value>
            </param>
            <param index="28">
              <value>
                <![CDATA[]]>
              </value>
            </param>
          </params>
          <reporter-output>
          </reporter-output>
        </test-method> <!-- mainScript -->
        <test-method status="PASS" signature="clientDataConfiguration(java.lang.String, java.lang.String, java.lang.String, java.lang.String, java.lang.String, java.lang.String, java.lang.String, java.lang.String)[pri:0, instance:scripts.GCC_mainScript@27efef64]" name="clientDataConfiguration" duration-ms="16" started-at="2017-08-23T18:17:17Z" description="Client data mappings verification" data-provider="DataMapping" finished-at="2017-08-23T18:17:17Z">
          <params>
            <param index="0">
              <value>
                <![CDATA[n]]>
              </value>
            </param>
            <param index="1">
              <value>
                <![CDATA[BEST BUY, INC.]]>
              </value>
            </param>
            <param index="2">
              <value>
                <![CDATA[HRO Services]]>
              </value>
            </param>
            <param index="3">
              <value>
                <![CDATA[Chadwick, Sondra L.]]>
              </value>
            </param>
            <param index="4">
              <value>
                <![CDATA[HR Operations]]>
              </value>
            </param>
            <param index="5">
              <value>
                <![CDATA[ELM,General Service Delivery Issue,Other,Payroll,Talent Acquisition]]>
              </value>
            </param>
            <param index="6">
              <value>
                <![CDATA[ELM]]>
              </value>
            </param>
            <param index="7">
              <value>
                <![CDATA[None>Other>Incorrect Redundancy/Severance /Exit processed>Incorrect Calculation & Payment of Bonus/Merit hikes/Employee Stock Options>Incorrect mass upload / Manual updating with employee, employment & Salary details>Incorrect New Hire set up/Benefits/Leave enrollment>Incorrect mass communication]]>
              </value>
            </param>
          </params>
          <reporter-output>
          </reporter-output>
        </test-method> <!-- clientDataConfiguration -->
        <test-method status="PASS" signature="clientDataConfiguration(java.lang.String, java.lang.String, java.lang.String, java.lang.String, java.lang.String, java.lang.String, java.lang.String, java.lang.String)[pri:0, instance:scripts.GCC_mainScript@27efef64]" name="clientDataConfiguration" duration-ms="0" started-at="2017-08-23T18:17:17Z" description="Client data mappings verification" data-provider="DataMapping" finished-at="2017-08-23T18:17:17Z">
          <params>
            <param index="0">
              <value>
                <![CDATA[n]]>
              </value>
            </param>
            <param index="1">
              <value>
                <![CDATA[BEST BUY, INC.]]>
              </value>
            </param>
            <param index="2">
              <value>
                <![CDATA[HRO Services]]>
              </value>
            </param>
            <param index="3">
              <value>
                <![CDATA[Chadwick, Sondra L.]]>
              </value>
            </param>
            <param index="4">
              <value>
                <![CDATA[HR Operations]]>
              </value>
            </param>
            <param index="5">
              <value>
                <![CDATA[ELM,General Service Delivery Issue,Other,Payroll,Talent Acquisition]]>
              </value>
            </param>
            <param index="6">
              <value>
                <![CDATA[General Service Delivery Issue]]>
              </value>
            </param>
            <param index="7">
              <value>
                <![CDATA[None>Attrition>Data Privacy Issue/Incident>Escalation from Client Leadership>Hiring Delays>Other>SLA miss>Regulatory & Compliance misses>Potential SLA miss>Pushback from Client on Innovation]]>
              </value>
            </param>
          </params>
          <reporter-output>
          </reporter-output>
        </test-method> <!-- clientDataConfiguration -->
        <test-method status="PASS" signature="clientDataConfiguration(java.lang.String, java.lang.String, java.lang.String, java.lang.String, java.lang.String, java.lang.String, java.lang.String, java.lang.String)[pri:0, instance:scripts.GCC_mainScript@27efef64]" name="clientDataConfiguration" duration-ms="0" started-at="2017-08-23T18:17:17Z" description="Client data mappings verification" data-provider="DataMapping" finished-at="2017-08-23T18:17:17Z">
          <params>
            <param index="0">
              <value>
                <![CDATA[n]]>
              </value>
            </param>
            <param index="1">
              <value>
                <![CDATA[BEST BUY, INC.]]>
              </value>
            </param>
            <param index="2">
              <value>
                <![CDATA[HRO Services]]>
              </value>
            </param>
            <param index="3">
              <value>
                <![CDATA[Chadwick, Sondra L.]]>
              </value>
            </param>
            <param index="4">
              <value>
                <![CDATA[HR Operations]]>
              </value>
            </param>
            <param index="5">
              <value>
                <![CDATA[ELM,General Service Delivery Issue,Other,Payroll,Talent Acquisition]]>
              </value>
            </param>
            <param index="6">
              <value>
                <![CDATA[Payroll]]>
              </value>
            </param>
            <param index="7">
              <value>
                <![CDATA[None>Other>Overpayment/Underpayment/No Payment>Incorrect Tax remittance]]>
              </value>
            </param>
          </params>
          <reporter-output>
          </reporter-output>
        </test-method> <!-- clientDataConfiguration -->
        <test-method status="PASS" signature="clientDataConfiguration(java.lang.String, java.lang.String, java.lang.String, java.lang.String, java.lang.String, java.lang.String, java.lang.String, java.lang.String)[pri:0, instance:scripts.GCC_mainScript@27efef64]" name="clientDataConfiguration" duration-ms="0" started-at="2017-08-23T18:17:17Z" description="Client data mappings verification" data-provider="DataMapping" finished-at="2017-08-23T18:17:17Z">
          <params>
            <param index="0">
              <value>
                <![CDATA[n]]>
              </value>
            </param>
            <param index="1">
              <value>
                <![CDATA[BEST BUY, INC.]]>
              </value>
            </param>
            <param index="2">
              <value>
                <![CDATA[HRO Services]]>
              </value>
            </param>
            <param index="3">
              <value>
                <![CDATA[Chadwick, Sondra L.]]>
              </value>
            </param>
            <param index="4">
              <value>
                <![CDATA[HR Operations]]>
              </value>
            </param>
            <param index="5">
              <value>
                <![CDATA[ELM,General Service Delivery Issue,Other,Payroll,Talent Acquisition]]>
              </value>
            </param>
            <param index="6">
              <value>
                <![CDATA[Other]]>
              </value>
            </param>
            <param index="7">
              <value>
                <![CDATA[None>Other]]>
              </value>
            </param>
          </params>
          <reporter-output>
          </reporter-output>
        </test-method> <!-- clientDataConfiguration -->
        <test-method status="PASS" signature="clientDataConfiguration(java.lang.String, java.lang.String, java.lang.String, java.lang.String, java.lang.String, java.lang.String, java.lang.String, java.lang.String)[pri:0, instance:scripts.GCC_mainScript@27efef64]" name="clientDataConfiguration" duration-ms="0" started-at="2017-08-23T18:17:17Z" description="Client data mappings verification" data-provider="DataMapping" finished-at="2017-08-23T18:17:17Z">
          <params>
            <param index="0">
              <value>
                <![CDATA[n]]>
              </value>
            </param>
            <param index="1">
              <value>
                <![CDATA[BEST BUY, INC.]]>
              </value>
            </param>
            <param index="2">
              <value>
                <![CDATA[HRO Services]]>
              </value>
            </param>
            <param index="3">
              <value>
                <![CDATA[Chadwick, Sondra L.]]>
              </value>
            </param>
            <param index="4">
              <value>
                <![CDATA[HR Operations]]>
              </value>
            </param>
            <param index="5">
              <value>
                <![CDATA[ELM,General Service Delivery Issue,Other,Payroll,Talent Acquisition]]>
              </value>
            </param>
            <param index="6">
              <value>
                <![CDATA[Talent Acquisition]]>
              </value>
            </param>
            <param index="7">
              <value>
                <![CDATA[None>Other>Delay in closing talent Requisitions for mass hire>Delay in VIP/Sr. Talent requisition closure>Incorrect offer letter provided>Delay in Hiring resources for critical project]]>
              </value>
            </param>
          </params>
          <reporter-output>
          </reporter-output>
        </test-method> <!-- clientDataConfiguration -->
        <test-method status="PASS" signature="clientDataConfiguration(java.lang.String, java.lang.String, java.lang.String, java.lang.String, java.lang.String, java.lang.String, java.lang.String, java.lang.String)[pri:0, instance:scripts.GCC_mainScript@27efef64]" name="clientDataConfiguration" duration-ms="0" started-at="2017-08-23T18:17:17Z" description="Client data mappings verification" data-provider="DataMapping" finished-at="2017-08-23T18:17:17Z">
          <params>
            <param index="0">
              <value>
                <![CDATA[y]]>
              </value>
            </param>
            <param index="1">
              <value>
                <![CDATA[BEST BUY, INC.]]>
              </value>
            </param>
            <param index="2">
              <value>
                <![CDATA[BBY-  F&ABPO Transition]]>
              </value>
            </param>
            <param index="3">
              <value>
                <![CDATA[Krishnan, Ananda]]>
              </value>
            </param>
            <param index="4">
              <value>
                <![CDATA[F&A]]>
              </value>
            </param>
            <param index="5">
              <value>
                <![CDATA[ALL,FP&A,O2C,Other,P2P,R2R]]>
              </value>
            </param>
            <param index="6">
              <value>
                <![CDATA[FP&A]]>
              </value>
            </param>
            <param index="7">
              <value>
                <![CDATA[None>Other>Missing Budgeting & Forecast submission timelines]]>
              </value>
            </param>
          </params>
          <reporter-output>
          </reporter-output>
        </test-method> <!-- clientDataConfiguration -->
        <test-method status="PASS" signature="clientDataConfiguration(java.lang.String, java.lang.String, java.lang.String, java.lang.String, java.lang.String, java.lang.String, java.lang.String, java.lang.String)[pri:0, instance:scripts.GCC_mainScript@27efef64]" name="clientDataConfiguration" duration-ms="0" started-at="2017-08-23T18:17:17Z" description="Client data mappings verification" data-provider="DataMapping" finished-at="2017-08-23T18:17:17Z">
          <params>
            <param index="0">
              <value>
                <![CDATA[y]]>
              </value>
            </param>
            <param index="1">
              <value>
                <![CDATA[BEST BUY, INC.]]>
              </value>
            </param>
            <param index="2">
              <value>
                <![CDATA[BBY-  F&ABPO Transition]]>
              </value>
            </param>
            <param index="3">
              <value>
                <![CDATA[Krishnan, Ananda]]>
              </value>
            </param>
            <param index="4">
              <value>
                <![CDATA[F&A]]>
              </value>
            </param>
            <param index="5">
              <value>
                <![CDATA[ALL,FP&A,O2C,Other,P2P,R2R]]>
              </value>
            </param>
            <param index="6">
              <value>
                <![CDATA[ALL]]>
              </value>
            </param>
            <param index="7">
              <value>
                <![CDATA[None>Other>Data Breach/Privacy Issues]]>
              </value>
            </param>
          </params>
          <reporter-output>
          </reporter-output>
        </test-method> <!-- clientDataConfiguration -->
        <test-method status="PASS" signature="clientDataConfiguration(java.lang.String, java.lang.String, java.lang.String, java.lang.String, java.lang.String, java.lang.String, java.lang.String, java.lang.String)[pri:0, instance:scripts.GCC_mainScript@27efef64]" name="clientDataConfiguration" duration-ms="0" started-at="2017-08-23T18:17:17Z" description="Client data mappings verification" data-provider="DataMapping" finished-at="2017-08-23T18:17:17Z">
          <params>
            <param index="0">
              <value>
                <![CDATA[y]]>
              </value>
            </param>
            <param index="1">
              <value>
                <![CDATA[BEST BUY, INC.]]>
              </value>
            </param>
            <param index="2">
              <value>
                <![CDATA[BBY-  F&ABPO Transition]]>
              </value>
            </param>
            <param index="3">
              <value>
                <![CDATA[Krishnan, Ananda]]>
              </value>
            </param>
            <param index="4">
              <value>
                <![CDATA[F&A]]>
              </value>
            </param>
            <param index="5">
              <value>
                <![CDATA[ALL,FP&A,O2C,Other,P2P,R2R]]>
              </value>
            </param>
            <param index="6">
              <value>
                <![CDATA[O2C]]>
              </value>
            </param>
            <param index="7">
              <value>
                <![CDATA[None>Other>Missing Budgeting & Forecast submission timelines]]>
              </value>
            </param>
          </params>
          <reporter-output>
          </reporter-output>
        </test-method> <!-- clientDataConfiguration -->
        <test-method status="PASS" signature="clientDataConfiguration(java.lang.String, java.lang.String, java.lang.String, java.lang.String, java.lang.String, java.lang.String, java.lang.String, java.lang.String)[pri:0, instance:scripts.GCC_mainScript@27efef64]" name="clientDataConfiguration" duration-ms="0" started-at="2017-08-23T18:17:17Z" description="Client data mappings verification" data-provider="DataMapping" finished-at="2017-08-23T18:17:17Z">
          <params>
            <param index="0">
              <value>
                <![CDATA[y]]>
              </value>
            </param>
            <param index="1">
              <value>
                <![CDATA[BEST BUY, INC.]]>
              </value>
            </param>
            <param index="2">
              <value>
                <![CDATA[BBY-  F&ABPO Transition]]>
              </value>
            </param>
            <param index="3">
              <value>
                <![CDATA[Krishnan, Ananda]]>
              </value>
            </param>
            <param index="4">
              <value>
                <![CDATA[F&A]]>
              </value>
            </param>
            <param index="5">
              <value>
                <![CDATA[ALL,FP&A,O2C,Other,P2P,R2R]]>
              </value>
            </param>
            <param index="6">
              <value>
                <![CDATA[P2P]]>
              </value>
            </param>
            <param index="7">
              <value>
                <![CDATA[None>Backlog of PR's>Catalog wrong pricing>Contract Admin - Backlog>Contract Admin - wrong Contract value updated>Contract sent to wrong supplier>Other>PO sent to wrong supplier>Urgent PO Conversation - not done on time>Collection Target Not Met>Receivable items aged >180 days & not recoverable>Invoices processed for Vendors under the list of countries embargo (Red & Amber).>Credit Orders on  Hold due to unapplied cash>CSAT Score of Helpdesk (Net Promoters Score)>Critical Vendor Payment Delay - Utility, Tax, Penalty etc.>Backlog in Invoice Processing, Payments>Duplicate Payments]]>
              </value>
            </param>
          </params>
          <reporter-output>
          </reporter-output>
        </test-method> <!-- clientDataConfiguration -->
        <test-method status="PASS" signature="clientDataConfiguration(java.lang.String, java.lang.String, java.lang.String, java.lang.String, java.lang.String, java.lang.String, java.lang.String, java.lang.String)[pri:0, instance:scripts.GCC_mainScript@27efef64]" name="clientDataConfiguration" duration-ms="0" started-at="2017-08-23T18:17:17Z" description="Client data mappings verification" data-provider="DataMapping" finished-at="2017-08-23T18:17:17Z">
          <params>
            <param index="0">
              <value>
                <![CDATA[y]]>
              </value>
            </param>
            <param index="1">
              <value>
                <![CDATA[BEST BUY, INC.]]>
              </value>
            </param>
            <param index="2">
              <value>
                <![CDATA[BBY-  F&ABPO Transition]]>
              </value>
            </param>
            <param index="3">
              <value>
                <![CDATA[Krishnan, Ananda]]>
              </value>
            </param>
            <param index="4">
              <value>
                <![CDATA[F&A]]>
              </value>
            </param>
            <param index="5">
              <value>
                <![CDATA[ALL,FP&A,O2C,Other,P2P,R2R]]>
              </value>
            </param>
            <param index="6">
              <value>
                <![CDATA[Other]]>
              </value>
            </param>
            <param index="7">
              <value>
                <![CDATA[None>Other]]>
              </value>
            </param>
          </params>
          <reporter-output>
          </reporter-output>
        </test-method> <!-- clientDataConfiguration -->
        <test-method status="PASS" signature="clientDataConfiguration(java.lang.String, java.lang.String, java.lang.String, java.lang.String, java.lang.String, java.lang.String, java.lang.String, java.lang.String)[pri:0, instance:scripts.GCC_mainScript@27efef64]" name="clientDataConfiguration" duration-ms="0" started-at="2017-08-23T18:17:17Z" description="Client data mappings verification" data-provider="DataMapping" finished-at="2017-08-23T18:17:17Z">
          <params>
            <param index="0">
              <value>
                <![CDATA[y]]>
              </value>
            </param>
            <param index="1">
              <value>
                <![CDATA[BEST BUY, INC.]]>
              </value>
            </param>
            <param index="2">
              <value>
                <![CDATA[BBY-  F&ABPO Transition]]>
              </value>
            </param>
            <param index="3">
              <value>
                <![CDATA[Krishnan, Ananda]]>
              </value>
            </param>
            <param index="4">
              <value>
                <![CDATA[F&A]]>
              </value>
            </param>
            <param index="5">
              <value>
                <![CDATA[ALL,FP&A,O2C,Other,P2P,R2R]]>
              </value>
            </param>
            <param index="6">
              <value>
                <![CDATA[R2R]]>
              </value>
            </param>
            <param index="7">
              <value>
                <![CDATA[None>Other>Delay in Statutory Submission (VAT, TAX etc.)>Missing Month End Close timelines>Late Entries (Entries posted after the agreed timelines due to Accenture delays)]]>
              </value>
            </param>
          </params>
          <reporter-output>
          </reporter-output>
        </test-method> <!-- clientDataConfiguration -->
        <test-method status="PASS" signature="clientData(java.lang.String, java.lang.String, java.lang.String, java.lang.String, java.lang.String, java.lang.String, java.lang.String, java.lang.String, java.lang.String, java.lang.String, java.lang.String, java.lang.String, java.lang.String, java.lang.String, java.lang.String, java.lang.String, java.lang.String, java.lang.String, java.lang.String, java.lang.String, java.lang.String, java.lang.String, java.lang.String, java.lang.String)[pri:0, instance:scripts.GCC_mainScript@27efef64]" name="clientData" duration-ms="18" started-at="2017-08-23T18:17:17Z" description="Client data creation" data-provider="GCC_ClientData" finished-at="2017-08-23T18:17:17Z">
          <params>
            <param index="0">
              <value>
                <![CDATA[n]]>
              </value>
            </param>
            <param index="1">
              <value>
                <![CDATA[BAKER HUGHES INCORPORATED]]>
              </value>
            </param>
            <param index="2">
              <value>
                <![CDATA[9940079319]]>
              </value>
            </param>
            <param index="3">
              <value>
                <![CDATA[North America]]>
              </value>
            </param>
            <param index="4">
              <value>
                <![CDATA[FAO BTO]]>
              </value>
            </param>
            <param index="5">
              <value>
                <![CDATA[F&A]]>
              </value>
            </param>
            <param index="6">
              <value>
                <![CDATA[EALA]]>
              </value>
            </param>
            <param index="7">
              <value>
                <![CDATA[Buenos Aires]]>
              </value>
            </param>
            <param index="8">
              <value>
                <![CDATA[Portela, Andrea K.]]>
              </value>
            </param>
            <param index="9">
              <value>
                <![CDATA[Sharpe, Keith D.]]>
              </value>
            </param>
            <param index="10">
              <value>
                <![CDATA[Collado, Victoria B.]]>
              </value>
            </param>
            <param index="11">
              <value>
                <![CDATA[Collado, Victoria B.]]>
              </value>
            </param>
            <param index="12">
              <value>
                <![CDATA[01-Dec-2008]]>
              </value>
            </param>
            <param index="13">
              <value>
                <![CDATA[31-Dec-2021]]>
              </value>
            </param>
            <param index="14">
              <value>
                <![CDATA[NO]]>
              </value>
            </param>
            <param index="15">
              <value>
                <![CDATA[Demo agent]]>
              </value>
            </param>
            <param index="16">
              <value>
                <![CDATA[]]>
              </value>
            </param>
            <param index="17">
              <value>
                <![CDATA[R2R]]>
              </value>
            </param>
            <param index="18">
              <value>
                <![CDATA[]]>
              </value>
            </param>
            <param index="19">
              <value>
                <![CDATA[Missing Month End Close timelines]]>
              </value>
            </param>
            <param index="20">
              <value>
                <![CDATA[Test]]>
              </value>
            </param>
            <param index="21">
              <value>
                <![CDATA[3 - Medium]]>
              </value>
            </param>
            <param index="22">
              <value>
                <![CDATA[2017-08-23]]>
              </value>
            </param>
            <param index="23">
              <value>
                <![CDATA[2017-09-02 12:28:19]]>
              </value>
            </param>
          </params>
          <reporter-output>
          </reporter-output>
        </test-method> <!-- clientData -->
        <test-method status="PASS" signature="clientData(java.lang.String, java.lang.String, java.lang.String, java.lang.String, java.lang.String, java.lang.String, java.lang.String, java.lang.String, java.lang.String, java.lang.String, java.lang.String, java.lang.String, java.lang.String, java.lang.String, java.lang.String, java.lang.String, java.lang.String, java.lang.String, java.lang.String, java.lang.String, java.lang.String, java.lang.String, java.lang.String, java.lang.String)[pri:0, instance:scripts.GCC_mainScript@27efef64]" name="clientData" duration-ms="0" started-at="2017-08-23T18:17:17Z" description="Client data creation" data-provider="GCC_ClientData" finished-at="2017-08-23T18:17:17Z">
          <params>
            <param index="0">
              <value>
                <![CDATA[n]]>
              </value>
            </param>
            <param index="1">
              <value>
                <![CDATA[BAKER HUGHES INCORPORATED]]>
              </value>
            </param>
            <param index="2">
              <value>
                <![CDATA[9940079319]]>
              </value>
            </param>
            <param index="3">
              <value>
                <![CDATA[North America]]>
              </value>
            </param>
            <param index="4">
              <value>
                <![CDATA[FAO BTO]]>
              </value>
            </param>
            <param index="5">
              <value>
                <![CDATA[F&A]]>
              </value>
            </param>
            <param index="6">
              <value>
                <![CDATA[APAC]]>
              </value>
            </param>
            <param index="7">
              <value>
                <![CDATA[Philippines]]>
              </value>
            </param>
            <param index="8">
              <value>
                <![CDATA[Baltazar, Jerilee A.]]>
              </value>
            </param>
            <param index="9">
              <value>
                <![CDATA[Sharpe, Keith D.]]>
              </value>
            </param>
            <param index="10">
              <value>
                <![CDATA[Collado, Victoria B.]]>
              </value>
            </param>
            <param index="11">
              <value>
                <![CDATA[Collado, Victoria B.]]>
              </value>
            </param>
            <param index="12">
              <value>
                <![CDATA[01-Dec-2008]]>
              </value>
            </param>
            <param index="13">
              <value>
                <![CDATA[31-Dec-2021]]>
              </value>
            </param>
            <param index="14">
              <value>
                <![CDATA[NO]]>
              </value>
            </param>
            <param index="15">
              <value>
                <![CDATA[Demo agent]]>
              </value>
            </param>
            <param index="16">
              <value>
                <![CDATA[]]>
              </value>
            </param>
            <param index="17">
              <value>
                <![CDATA[FP&A]]>
              </value>
            </param>
            <param index="18">
              <value>
                <![CDATA[]]>
              </value>
            </param>
            <param index="19">
              <value>
                <![CDATA[Missing Budgeting & Forecast submission timelines]]>
              </value>
            </param>
            <param index="20">
              <value>
                <![CDATA[Test]]>
              </value>
            </param>
            <param index="21">
              <value>
                <![CDATA[2 - High]]>
              </value>
            </param>
            <param index="22">
              <value>
                <![CDATA[2017-08-23]]>
              </value>
            </param>
            <param index="23">
              <value>
                <![CDATA[2017-09-02 12:28:19]]>
              </value>
            </param>
          </params>
          <reporter-output>
          </reporter-output>
        </test-method> <!-- clientData -->
        <test-method status="PASS" signature="clientData(java.lang.String, java.lang.String, java.lang.String, java.lang.String, java.lang.String, java.lang.String, java.lang.String, java.lang.String, java.lang.String, java.lang.String, java.lang.String, java.lang.String, java.lang.String, java.lang.String, java.lang.String, java.lang.String, java.lang.String, java.lang.String, java.lang.String, java.lang.String, java.lang.String, java.lang.String, java.lang.String, java.lang.String)[pri:0, instance:scripts.GCC_mainScript@27efef64]" name="clientData" duration-ms="0" started-at="2017-08-23T18:17:17Z" description="Client data creation" data-provider="GCC_ClientData" finished-at="2017-08-23T18:17:17Z">
          <params>
            <param index="0">
              <value>
                <![CDATA[n]]>
              </value>
            </param>
            <param index="1">
              <value>
                <![CDATA[BEST BUY, INC.]]>
              </value>
            </param>
            <param index="2">
              <value>
                <![CDATA[9940088554]]>
              </value>
            </param>
            <param index="3">
              <value>
                <![CDATA[North America]]>
              </value>
            </param>
            <param index="4">
              <value>
                <![CDATA[HRO Services]]>
              </value>
            </param>
            <param index="5">
              <value>
                <![CDATA[HR Operations]]>
              </value>
            </param>
            <param index="6">
              <value>
                <![CDATA[North America]]>
              </value>
            </param>
            <param index="7">
              <value>
                <![CDATA[Rest of US]]>
              </value>
            </param>
            <param index="8">
              <value>
                <![CDATA[Chadwick, Sondra L.]]>
              </value>
            </param>
            <param index="9">
              <value>
                <![CDATA[Marthaler, Greg M.]]>
              </value>
            </param>
            <param index="10">
              <value>
                <![CDATA[Stovall, T. Kenneth]]>
              </value>
            </param>
            <param index="11">
              <value>
                <![CDATA[Chadwick, Sondra L.]]>
              </value>
            </param>
            <param index="12">
              <value>
                <![CDATA[01-Jun-2009]]>
              </value>
            </param>
            <param index="13">
              <value>
                <![CDATA[29-Feb-2020]]>
              </value>
            </param>
            <param index="14">
              <value>
                <![CDATA[NO]]>
              </value>
            </param>
            <param index="15">
              <value>
                <![CDATA[Demo agent]]>
              </value>
            </param>
            <param index="16">
              <value>
                <![CDATA[ELM, General Service Delivery Issue, Other, Payroll, Talent Acquisition]]>
              </value>
            </param>
            <param index="17">
              <value>
                <![CDATA[ELM]]>
              </value>
            </param>
            <param index="18">
              <value>
                <![CDATA[Other@Incorrect Redundancy/Severance /Exit processed@Incorrect Calculation & Payment of Bonus/Merit hikes/Employee Stock Options@Incorrect mass upload / Manual updating with employee, employment & Salary details@Incorrect New Hire set up/Benefits/Leave enrollment@Incorrect mass communication]]>
              </value>
            </param>
            <param index="19">
              <value>
                <![CDATA[Incorrect mass communication]]>
              </value>
            </param>
            <param index="20">
              <value>
                <![CDATA[Test]]>
              </value>
            </param>
            <param index="21">
              <value>
                <![CDATA[1 - Critical]]>
              </value>
            </param>
            <param index="22">
              <value>
                <![CDATA[2017-08-23]]>
              </value>
            </param>
            <param index="23">
              <value>
                <![CDATA[2017-09-02 12:28:19]]>
              </value>
            </param>
          </params>
          <reporter-output>
          </reporter-output>
        </test-method> <!-- clientData -->
[...]
# Perform RCA 
# Assess impact of delay & inform all stakeholders]]>
              </value>
            </param>
            <param index="7">
              <value>
                <![CDATA[# Review the current reporting and review mechanism 
# Ensure we engage all stakeholders and escalate asking for help where required
# Ensure we have the RCA performed and identify and implement controls with clear actionable and timelines to implement
# Ensure clear understanding and communication of impact the delayed submissions and have the controls to ensure this is not repeated.]]>
              </value>
            </param>
            <param index="8">
              <value>
                <![CDATA[#>3 Days Delay]]>
              </value>
            </param>
            <param index="9">
              <value>
                <![CDATA[Critical]]>
              </value>
            </param>
            <param index="10">
              <value>
                <![CDATA[3 days]]>
              </value>
            </param>
          </params>
          <reporter-output>
          </reporter-output>
        </test-method> <!-- mappingForFA -->
        <test-method status="PASS" signature="mappingForFA(java.lang.String, java.lang.String, java.lang.String, java.lang.String, java.lang.String, java.lang.String, java.lang.String, java.lang.String, java.lang.String, java.lang.String, java.lang.String)[pri:0, instance:scripts.GCC_mainScript@27efef64]" name="mappingForFA" duration-ms="1" started-at="2017-08-23T18:18:12Z" description="Watchlist" data-provider="FA_Mapping" finished-at="2017-08-23T18:18:12Z">
          <params>
            <param index="0">
              <value>
                <![CDATA[n]]>
              </value>
            </param>
            <param index="1">
              <value>
                <![CDATA[F&A]]>
              </value>
            </param>
            <param index="2">
              <value>
                <![CDATA[FP&A]]>
              </value>
            </param>
            <param index="3">
              <value>
                <![CDATA[Missing Budgeting & Forecast submission timelines]]>
              </value>
            </param>
            <param index="4">
              <value>
                <![CDATA[1. AA Report submission for the period <<Month or Quarter>> was not completed for XX regions/entities of the client and delayed by zz hours/days.
2. Impact of the delay is xx Value.]]>
              </value>
            </param>
            <param index="5">
              <value>
                <![CDATA[Accenture]]>
              </value>
            </param>
            <param index="6">
              <value>
                <![CDATA[# Notify Client & leadership with the initial assessment.
# Ensure the risk of missed timelines is escalated to stakeholders.
# Provide updates on help required or extension required to complete the reports.
# Assess the cause and acknowledge the issue.
# Provide clear timelines for resolution.]]>
              </value>
            </param>
            <param index="7">
              <value>
                <![CDATA[# Ensure we engage all stakeholders and escalate asking for help.
# Ensure we have critical resources available to be able to respond and complete the tasks.
# Ensure we have the RCA performed and identify and implement controls with clear actionable and timelines to implement
# Ensure we have a clear understanding of impact the delay in report submission and escalation path in month end calendar]]>
              </value>
            </param>
            <param index="8">
              <value>
                <![CDATA[#>1 Day delay]]>
              </value>
            </param>
            <param index="9">
              <value>
                <![CDATA[Critical]]>
              </value>
            </param>
            <param index="10">
              <value>
                <![CDATA[1 day]]>
              </value>
            </param>
          </params>
          <reporter-output>
          </reporter-output>
        </test-method> <!-- mappingForFA -->
        <test-method status="PASS" signature="mappingForFA(java.lang.String, java.lang.String, java.lang.String, java.lang.String, java.lang.String, java.lang.String, java.lang.String, java.lang.String, java.lang.String, java.lang.String, java.lang.String)[pri:0, instance:scripts.GCC_mainScript@27efef64]" name="mappingForFA" duration-ms="52286" started-at="2017-08-23T18:18:12Z" description="Watchlist" data-provider="FA_Mapping" finished-at="2017-08-23T18:19:04Z">
          <params>
            <param index="0">
              <value>
                <![CDATA[y]]>
              </value>
            </param>
            <param index="1">
              <value>
                <![CDATA[F&A]]>
              </value>
            </param>
            <param index="2">
              <value>
                <![CDATA[ALL]]>
              </value>
            </param>
            <param index="3">
              <value>
                <![CDATA[Data Breach/Privacy Issues]]>
              </value>
            </param>
            <param index="4">
              <value>
                <![CDATA[1. Any fraudulent actions - Fraud of xx value was done from the yy Activity and impact is zz.
2. Inappropriate sharing of Personal Data which is against the Accenture Data Privacy policy - Data relating to xxx was shared to aa and impact is zz]]>
              </value>
            </param>
            <param index="5">
              <value>
                <![CDATA[]]>
              </value>
            </param>
            <param index="6">
              <value>
                <![CDATA[# Notify Internal Stakeholders & Assess the impact
# Raise ASOC & get Guidance to share details to the Client.
# Perform RCA and Issue Detailed assessment
# Assess the financial impact in terms of penalties as per Contract Liability Clause
# Inform the HR POC about the issue]]>
              </value>
            </param>
            <param index="7">
              <value>
                <![CDATA[# Make necessary Process changes to ensure the process controls are fixed
# Take action to recover damages
# Reach out to the ASOC team for a detailed assessment
# Assess actioned required as per HR policies.
# Engage client for any Master Data cleansing, Agree on a project & Track to closure
# Increase awareness of the teams on Data Privacy]]>
              </value>
            </param>
            <param index="8">
              <value>
                <![CDATA[#>0]]>
              </value>
            </param>
            <param index="9">
              <value>
                <![CDATA[Critical]]>
              </value>
            </param>
            <param index="10">
              <value>
                <![CDATA[2 Days]]>
              </value>
            </param>
          </params>
          <reporter-output>
            <line>
              <![CDATA[<table width= 100% ; border = 1.5; rules =rows ><tbody><tr><td> <font style=\width:130px;text-align:left;color:red;font-size:12px;font-family:verdana;\><strong>Fail</strong></td><td> <font style=\width:130px;text-align:left;color:black;font-size:12px;font-family:verdana;\>One of the preventative task is not present</td></tr><tr><td colspan=2><table width= 100% ; rules =rows ><tbody><tr><td> <font style=\width:130px;text-align:left;color:black;font-size:12px;font-family:verdana;\><strong>Screenshot</strong></td><td> <font style=\width:130px;text-align:left;color:black;font-size:12px;font-family:verdana;\><strong><a href="C:\Users\somnath.bhunia\workspace3\SN_GCC/\Screenshot\08-23-2017_18-15.png"><img src="file:///C:\Users\somnath.bhunia\workspace3\SN_GCC/\Screenshot\08-23-2017_18-15.png" alt=""height='300' width='300' border =1/> <br /></strong></td></tr></tbody></table></td></tr></tbody></table>]]>
            </line>
            <line>
              <![CDATA[<table width= 100% ; border = 1.5; rules =rows ><tbody><tr><td> <font style=\width:130px;text-align:left;color:red;font-size:12px;font-family:verdana;\><strong>Fail</strong></td><td> <font style=\width:130px;text-align:left;color:black;font-size:12px;font-family:verdana;\>One of the preventative task is not present</td></tr><tr><td colspan=2><table width= 100% ; rules =rows ><tbody><tr><td> <font style=\width:130px;text-align:left;color:black;font-size:12px;font-family:verdana;\><strong>Screenshot</strong></td><td> <font style=\width:130px;text-align:left;color:black;font-size:12px;font-family:verdana;\><strong><a href="C:\Users\somnath.bhunia\workspace3\SN_GCC/\Screenshot\08-23-2017_18-19.png"><img src="file:///C:\Users\somnath.bhunia\workspace3\SN_GCC/\Screenshot\08-23-2017_18-19.png" alt=""height='300' width='300' border =1/> <br /></strong></td></tr></tbody></table></td></tr></tbody></table>]]>
            </line>
            <line>
              <![CDATA[<table width= 100% ; border = 1.5; rules =rows ><tbody><tr><td> <font style=\width:130px;text-align:left;color:red;font-size:12px;font-family:verdana;\><strong>Fail</strong></td><td> <font style=\width:130px;text-align:left;color:black;font-size:12px;font-family:verdana;\>One of the preventative task is not present</td></tr><tr><td colspan=2><table width= 100% ; rules =rows ><tbody><tr><td> <font style=\width:130px;text-align:left;color:black;font-size:12px;font-family:verdana;\><strong>Screenshot</strong></td><td> <font style=\width:130px;text-align:left;color:black;font-size:12px;font-family:verdana;\><strong><a href="C:\Users\somnath.bhunia\workspace3\SN_GCC/\Screenshot\08-23-2017_18-23.png"><img src="file:///C:\Users\somnath.bhunia\workspace3\SN_GCC/\Screenshot\08-23-2017_18-23.png" alt=""height='300' width='300' border =1/> <br /></strong></td></tr></tbody></table></td></tr></tbody></table>]]>
            </line>
            <line>
              <![CDATA[<table width= 100% ; border = 1.5; rules =rows ><tbody><tr><td> <font style=\width:130px;text-align:left;color:red;font-size:12px;font-family:verdana;\><strong>Fail</strong></td><td> <font style=\width:130px;text-align:left;color:black;font-size:12px;font-family:verdana;\>One of the preventative task is not present</td></tr><tr><td colspan=2><table width= 100% ; rules =rows ><tbody><tr><td> <font style=\width:130px;text-align:left;color:black;font-size:12px;font-family:verdana;\><strong>Screenshot</strong></td><td> <font style=\width:130px;text-align:left;color:black;font-size:12px;font-family:verdana;\><strong><a href="C:\Users\somnath.bhunia\workspace3\SN_GCC/\Screenshot\08-23-2017_18-26.png"><img src="file:///C:\Users\somnath.bhunia\workspace3\SN_GCC/\Screenshot\08-23-2017_18-26.png" alt=""height='300' width='300' border =1/> <br /></strong></td></tr></tbody></table></td></tr></tbody></table>]]>
            </line>
            <line>
              <![CDATA[<table width= 100% ; border = 1.5; rules =rows ><tbody><tr><td> <font style=\width:130px;text-align:left;color:red;font-size:12px;font-family:verdana;\><strong>Fail</strong></td><td> <font style=\width:130px;text-align:left;color:black;font-size:12px;font-family:verdana;\>One of the preventative task is not present</td></tr><tr><td colspan=2><table width= 100% ; rules =rows ><tbody><tr><td> <font style=\width:130px;text-align:left;color:black;font-size:12px;font-family:verdana;\><strong>Screenshot</strong></td><td> <font style=\width:130px;text-align:left;color:black;font-size:12px;font-family:verdana;\><strong><a href="C:\Users\somnath.bhunia\workspace3\SN_GCC/\Screenshot\08-23-2017_18-30.png"><img src="file:///C:\Users\somnath.bhunia\workspace3\SN_GCC/\Screenshot\08-23-2017_18-30.png" alt=""height='300' width='300' border =1/> <br /></strong></td></tr></tbody></table></td></tr></tbody></table>]]>
            </line>
            <line>
              <![CDATA[<table width= 100% ; border = 1.5; rules =rows ><tbody><tr><td> <font style=\width:130px;text-align:left;color:red;font-size:12px;font-family:verdana;\><strong>Fail</strong></td><td> <font style=\width:130px;text-align:left;color:black;font-size:12px;font-family:verdana;\>One of the preventative task is not present</td></tr><tr><td colspan=2><table width= 100% ; rules =rows ><tbody><tr><td> <font style=\width:130px;text-align:left;color:black;font-size:12px;font-family:verdana;\><strong>Screenshot</strong></td><td> <font style=\width:130px;text-align:left;color:black;font-size:12px;font-family:verdana;\><strong><a href="C:\Users\somnath.bhunia\workspace3\SN_GCC/\Screenshot\08-23-2017_18-33.png"><img src="file:///C:\Users\somnath.bhunia\workspace3\SN_GCC/\Screenshot\08-23-2017_18-33.png" alt=""height='300' width='300' border =1/> <br /></strong></td></tr></tbody></table></td></tr></tbody></table>]]>
            </line>
            <line>
              <![CDATA[<table width= 100% ; border = 1.5; rules =rows ><tbody><tr><td> <font style=\width:130px;text-align:left;color:red;font-size:12px;font-family:verdana;\><strong>Fail</strong></td><td> <font style=\width:130px;text-align:left;color:black;font-size:12px;font-family:verdana;\>One of the preventative task is not present</td></tr><tr><td colspan=2><table width= 100% ; rules =rows ><tbody><tr><td> <font style=\width:130px;text-align:left;color:black;font-size:12px;font-family:verdana;\><strong>Screenshot</strong></td><td> <font style=\width:130px;text-align:left;color:black;font-size:12px;font-family:verdana;\><strong><a href="C:\Users\somnath.bhunia\workspace3\SN_GCC/\Screenshot\08-23-2017_18-37.png"><img src="file:///C:\Users\somnath.bhunia\workspace3\SN_GCC/\Screenshot\08-23-2017_18-37.png" alt=""height='300' width='300' border =1/> <br /></strong></td></tr></tbody></table></td></tr></tbody></table>]]>
            </line>
            <line>
              <![CDATA[<table width= 100% ; border = 1.5; rules =rows ><tbody><tr><td> <font style=\width:130px;text-align:left;color:red;font-size:12px;font-family:verdana;\><strong>Fail</strong></td><td> <font style=\width:130px;text-align:left;color:black;font-size:12px;font-family:verdana;\>One of the corrective task is not present</td></tr><tr><td colspan=2><table width= 100% ; rules =rows ><tbody><tr><td> <font style=\width:130px;text-align:left;color:black;font-size:12px;font-family:verdana;\><strong>Screenshot</strong></td><td> <font style=\width:130px;text-align:left;color:black;font-size:12px;font-family:verdana;\><strong><a href="C:\Users\somnath.bhunia\workspace3\SN_GCC/\Screenshot\08-23-2017_18-40.png"><img src="file:///C:\Users\somnath.bhunia\workspace3\SN_GCC/\Screenshot\08-23-2017_18-40.png" alt=""height='300' width='300' border =1/> <br /></strong></td></tr></tbody></table></td></tr></tbody></table>]]>
            </line>
            <line>
              <![CDATA[<table width= 100% ; border = 1.5; rules =rows ><tbody><tr><td> <font style=\width:130px;text-align:left;color:red;font-size:12px;font-family:verdana;\><strong>Fail</strong></td><td> <font style=\width:130px;text-align:left;color:black;font-size:12px;font-family:verdana;\>One of the corrective task is not present</td></tr><tr><td colspan=2><table width= 100% ; rules =rows ><tbody><tr><td> <font style=\width:130px;text-align:left;color:black;font-size:12px;font-family:verdana;\><strong>Screenshot</strong></td><td> <font style=\width:130px;text-align:left;color:black;font-size:12px;font-family:verdana;\><strong><a href="C:\Users\somnath.bhunia\workspace3\SN_GCC/\Screenshot\08-23-2017_18-44.png"><img src="file:///C:\Users\somnath.bhunia\workspace3\SN_GCC/\Screenshot\08-23-2017_18-44.png" alt=""height='300' width='300' border =1/> <br /></strong></td></tr></tbody></table></td></tr></tbody></table>]]>
            </line>
            <line>
              <![CDATA[<table width= 100% ; border = 1.5; rules =rows ><tbody><tr><td> <font style=\width:130px;text-align:left;color:red;font-size:12px;font-family:verdana;\><strong>Fail</strong></td><td> <font style=\width:130px;text-align:left;color:black;font-size:12px;font-family:verdana;\>One of the corrective task is not present</td></tr><tr><td colspan=2><table width= 100% ; rules =rows ><tbody><tr><td> <font style=\width:130px;text-align:left;color:black;font-size:12px;font-family:verdana;\><strong>Screenshot</strong></td><td> <font style=\width:130px;text-align:left;color:black;font-size:12px;font-family:verdana;\><strong><a href="C:\Users\somnath.bhunia\workspace3\SN_GCC/\Screenshot\08-23-2017_18-48.png"><img src="file:///C:\Users\somnath.bhunia\workspace3\SN_GCC/\Screenshot\08-23-2017_18-48.png" alt=""height='300' width='300' border =1/> <br /></strong></td></tr></tbody></table></td></tr></tbody></table>]]>
            </line>
            <line>
              <![CDATA[<table width= 100% ; border = 1.5; rules =rows ><tbody><tr><td> <font style=\width:130px;text-align:left;color:red;font-size:12px;font-family:verdana;\><strong>Fail</strong></td><td> <font style=\width:130px;text-align:left;color:black;font-size:12px;font-family:verdana;\>One of the corrective task is not present</td></tr><tr><td colspan=2><table width= 100% ; rules =rows ><tbody><tr><td> <font style=\width:130px;text-align:left;color:black;font-size:12px;font-family:verdana;\><strong>Screenshot</strong></td><td> <font style=\width:130px;text-align:left;color:black;font-size:12px;font-family:verdana;\><strong><a href="C:\Users\somnath.bhunia\workspace3\SN_GCC/\Screenshot\08-23-2017_18-51.png"><img src="file:///C:\Users\somnath.bhunia\workspace3\SN_GCC/\Screenshot\08-23-2017_18-51.png" alt=""height='300' width='300' border =1/> <br /></strong></td></tr></tbody></table></td></tr></tbody></table>]]>
            </line>
            <line>
              <![CDATA[<table width= 100% ; border = 1.5; rules =rows ><tbody><tr><td> <font style=\width:130px;text-align:left;color:red;font-size:12px;font-family:verdana;\><strong>Fail</strong></td><td> <font style=\width:130px;text-align:left;color:black;font-size:12px;font-family:verdana;\>One of the corrective task is not present</td></tr><tr><td colspan=2><table width= 100% ; rules =rows ><tbody><tr><td> <font style=\width:130px;text-align:left;color:black;font-size:12px;font-family:verdana;\><strong>Screenshot</strong></td><td> <font style=\width:130px;text-align:left;color:black;font-size:12px;font-family:verdana;\><strong><a href="C:\Users\somnath.bhunia\workspace3\SN_GCC/\Screenshot\08-23-2017_18-55.png"><img src="file:///C:\Users\somnath.bhunia\workspace3\SN_GCC/\Screenshot\08-23-2017_18-55.png" alt=""height='300' width='300' border =1/> <br /></strong></td></tr></tbody></table></td></tr></tbody></table>]]>
            </line>
            <line>
              <![CDATA[<table width= 100% ; border = 1.5; rules =rows ><tbody><tr><td> <font style=\width:130px;text-align:left;color:red;font-size:12px;font-family:verdana;\><strong>Fail</strong></td><td> <font style=\width:130px;text-align:left;color:black;font-size:12px;font-family:verdana;\>One of the corrective task is not present</td></tr><tr><td colspan=2><table width= 100% ; rules =rows ><tbody><tr><td> <font style=\width:130px;text-align:left;color:black;font-size:12px;font-family:verdana;\><strong>Screenshot</strong></td><td> <font style=\width:130px;text-align:left;color:black;font-size:12px;font-family:verdana;\><strong><a href="C:\Users\somnath.bhunia\workspace3\SN_GCC/\Screenshot\08-23-2017_18-59.png"><img src="file:///C:\Users\somnath.bhunia\workspace3\SN_GCC/\Screenshot\08-23-2017_18-59.png" alt=""height='300' width='300' border =1/> <br /></strong></td></tr></tbody></table></td></tr></tbody></table>]]>
            </line>
          </reporter-output>
        </test-method> <!-- mappingForFA -->
      </class> <!-- scripts.GCC_mainScript -->
    </test> <!-- Default test -->
  </suite> <!-- Default suite -->
</testng-results>
